0 1 has taken a fork
1 1 has taken a fork
1 1 is eating
1 3 has taken a fork
1 3 has taken a fork
1 3 is eating
3 5 has taken a fork
201 1 put down a fork
201 1 put down a fork
201 1 is sleeping
201 5 has taken a fork
201 5 is eating
202 3 put down a fork
202 3 put down a fork
202 3 is sleeping
202 2 has taken a fork
202 2 has taken a fork
202 2 is eating
401 1 is thinking
402 5 put down a fork
402 5 put down a fork
402 5 is sleeping
402 1 has taken a fork
402 3 is thinking
402 4 has taken a fork
402 4 has taken a fork
402 4 is eating
402 2 put down a fork
402 2 put down a fork
402 2 is sleeping
402 1 has taken a fork
402 1 is eating
403 3 has taken a fork
602 2 is thinking
602 5 is thinking
604 4 put down a fork
604 4 put down a fork
604 4 is sleeping
604 3 has taken a fork
604 3 is eating
604 5 has taken a fork
605 1 put down a fork
605 1 put down a fork
605 1 is sleeping
605 5 has taken a fork
605 5 is eating
804 4 is thinking
805 1 is thinking
805 3 put down a fork
805 3 put down a fork
805 3 is sleeping
806 2 has taken a fork
806 2 has taken a fork
806 2 is eating
807 5 put down a fork
807 4 has taken a fork
807 4 has taken a fork
807 4 is eating
807 5 put down a fork
807 1 has taken a fork
807 5 is sleeping
1005 3 is thinking
1006 2 put down a fork
1006 2 put down a fork
1006 2 is sleeping
1006 3 has taken a fork
1006 1 has taken a fork
1006 1 is eating
1007 5 is thinking
1007 4 put down a fork
1007 4 put down a fork
1007 4 is sleeping
1007 3 has taken a fork
1007 3 is eating
1007 5 has taken a fork
1206 2 is thinking
1207 4 is thinking
1207 1 put down a fork
1207 1 put down a fork
1207 1 is sleeping
1207 5 has taken a fork
1207 5 is eating
1207 2 has taken a fork
1207 2 has taken a fork
1207 2 is eating
1207 3 put down a fork
1207 3 put down a fork
1207 3 is sleeping
1407 3 is thinking
1407 1 is thinking
1407 5 put down a fork
1407 5 put down a fork
1407 5 is sleeping
1408 4 has taken a fork
1408 4 has taken a fork
1408 4 is eating
1408 1 has taken a fork
1409 2 put down a fork
1409 2 put down a fork
1409 2 is sleeping
1409 3 has taken a fork
1409 1 has taken a fork
1409 1 is eating
1607 5 is thinking
1608 4 put down a fork
1608 4 put down a fork
1608 4 is sleeping
1608 5 has taken a fork
1608 3 has taken a fork
1608 3 is eating
1609 2 is thinking
1609 1 put down a fork
1609 1 put down a fork
1609 1 is sleeping
1609 5 has taken a fork
1609 5 is eating
1808 4 is thinking
1808 3 put down a fork
1808 3 put down a fork
1808 3 is sleeping
1808 2 has taken a fork
1808 2 has taken a fork
1808 2 is eating
1809 1 is thinking
1809 5 put down a fork
1809 5 put down a fork
1809 5 is sleeping
1809 4 has taken a fork
1809 4 has taken a fork
1809 4 is eating
1810 1 has taken a fork
2008 3 is thinking
2008 2 put down a fork
2008 2 put down a fork
2008 2 is sleeping
2008 1 has taken a fork
2008 1 is eating
2009 5 is thinking
2009 3 has taken a fork
2010 4 put down a fork
2010 5 has taken a fork
2010 4 put down a fork
2010 4 is sleeping
2010 3 has taken a fork
2010 3 is eating
2208 2 is thinking
2208 1 put down a fork
2208 1 put down a fork
2208 1 is sleeping
2209 5 has taken a fork
2209 5 is eating
2210 4 is thinking
2210 3 put down a fork
2210 2 has taken a fork
2210 2 has taken a fork
2210 2 is eating
2210 3 put down a fork
2210 3 is sleeping
2408 1 is thinking
2409 5 put down a fork
2409 5 put down a fork
2409 5 is sleeping
2409 4 has taken a fork
2409 4 has taken a fork
2409 4 is eating
2409 1 has taken a fork
2410 3 is thinking
2411 2 put down a fork
2411 3 has taken a fork
2411 2 put down a fork
2411 2 is sleeping
2411 1 has taken a fork
2411 1 is eating
2609 5 is thinking
2610 4 put down a fork
2610 5 has taken a fork
2610 4 put down a fork
2610 4 is sleeping
2610 3 has taken a fork
2610 3 is eating
2611 2 is thinking
2612 1 put down a fork
2612 1 put down a fork
2612 1 is sleeping
2612 5 has taken a fork
2612 5 is eating
2810 4 is thinking
2811 2 has taken a fork
2811 2 has taken a fork
2811 2 is eating
2811 3 put down a fork
2811 3 put down a fork
2811 3 is sleeping
2812 1 is thinking
2814 5 put down a fork
2814 4 has taken a fork
2815 4 has taken a fork
2815 4 is eating
2815 5 put down a fork
2815 5 is sleeping
2815 1 has taken a fork
3011 3 is thinking
3012 2 put down a fork
3012 3 has taken a fork
3012 1 has taken a fork
3012 1 is eating
3012 2 put down a fork
3012 2 is sleeping
3015 5 is thinking
3015 4 put down a fork
3015 4 put down a fork
3015 4 is sleeping
3015 3 has taken a fork
3015 3 is eating
3015 5 has taken a fork
3212 2 is thinking
3212 1 put down a fork
3212 1 put down a fork
3212 1 is sleeping
3212 5 has taken a fork
3212 5 is eating
3215 4 is thinking
3215 3 put down a fork
3215 3 put down a fork
3215 3 is sleeping
3215 2 has taken a fork
3215 2 has taken a fork
3215 2 is eating
3412 1 is thinking
3412 5 put down a fork
3412 5 put down a fork
3412 5 is sleeping
3412 4 has taken a fork
3412 4 has taken a fork
3412 4 is eating
3415 3 is thinking
3419 2 put down a fork
3419 2 put down a fork
3419 2 is sleeping
