0 2 has taken a fork
1 2 has taken a fork
1 2 is eating
1 4 has taken a fork
1 4 has taken a fork
1 4 is eating
100 1 has taken a fork
201 2 put down a fork
201 2 put down a fork
201 2 is sleeping
201 4 put down a fork
201 4 put down a fork
201 4 is sleeping
201 1 has taken a fork
201 1 is eating
201 3 has taken a fork
201 3 has taken a fork
201 3 is eating
401 2 is thinking
401 3 put down a fork
401 3 put down a fork
401 3 is sleeping
401 1 put down a fork
401 1 put down a fork
401 1 is sleeping
401 2 has taken a fork
401 2 has taken a fork
401 2 is eating
401 4 is thinking
401 4 has taken a fork
401 4 has taken a fork
401 4 is eating
401 5 has taken a fork
601 1 is thinking
601 2 put down a fork
601 2 put down a fork
601 2 is sleeping
601 4 put down a fork
601 4 put down a fork
601 4 is sleeping
601 5 has taken a fork
601 5 is eating
601 3 is thinking
701 3 has taken a fork
701 3 has taken a fork
701 3 is eating
801 5 put down a fork
801 2 is thinking
801 2 has taken a fork
801 5 put down a fork
801 5 is sleeping
801 1 has taken a fork
801 4 is thinking
901 3 put down a fork
901 2 has taken a fork
901 2 is eating
901 3 put down a fork
901 3 is sleeping
901 4 has taken a fork
901 4 has taken a fork
901 4 is eating
1001 5 is thinking
1001 1 died
