3 4 has taken a fork
4 4 has taken a fork
4 4 is eating
4 2 has taken a fork
4 2 has taken a fork
4 2 is eating
105 1 has taken a fork
204 2 put down a fork
204 2 put down a fork
204 2 is sleeping
204 3 has taken a fork
204 1 has taken a fork
204 1 is eating
205 4 put down a fork
205 4 put down a fork
205 4 is sleeping
205 3 has taken a fork
205 3 is eating
404 2 is thinking
404 1 put down a fork
404 1 put down a fork
404 1 is sleeping
404 5 has taken a fork
404 5 has taken a fork
404 5 is eating
405 4 is thinking
405 2 has taken a fork
406 3 put down a fork
406 2 has taken a fork
406 2 is eating
406 3 put down a fork
406 3 is sleeping
406 4 has taken a fork
604 1 is thinking
604 5 put down a fork
604 5 put down a fork
604 5 is sleeping
604 4 has taken a fork
604 4 is eating
606 3 is thinking
606 2 put down a fork
606 2 put down a fork
606 2 is sleeping
705 1 has taken a fork
705 1 has taken a fork
705 1 is eating
707 3 has taken a fork
804 5 is thinking
805 4 put down a fork
805 4 put down a fork
805 4 is sleeping
805 3 has taken a fork
805 3 is eating
806 2 is thinking
905 5 has taken a fork
905 5 has taken a fork
905 5 is eating
905 1 put down a fork
905 1 put down a fork
905 1 is sleeping
905 2 has taken a fork
1005 4 is thinking
1007 3 put down a fork
1007 3 put down a fork
1007 3 is sleeping
1007 2 has taken a fork
1007 4 has taken a fork
1007 2 is eating
1105 1 is thinking
1105 5 put down a fork
1105 5 put down a fork
1105 5 is sleeping
1105 4 has taken a fork
1105 4 is eating
1206 1 has taken a fork
1207 3 is thinking
1207 2 put down a fork
1207 2 put down a fork
1207 2 is sleeping
1207 1 has taken a fork
1207 1 is eating
1305 5 is thinking
1305 4 put down a fork
1305 4 put down a fork
1305 4 is sleeping
1308 3 has taken a fork
1308 3 has taken a fork
1308 3 is eating
1407 2 is thinking
1407 1 put down a fork
1407 1 put down a fork
1407 1 is sleeping
1407 5 has taken a fork
1407 5 has taken a fork
1407 5 is eating
1408 2 has taken a fork
1505 4 is thinking
1508 3 put down a fork
1508 2 has taken a fork
1508 4 has taken a fork
1508 3 put down a fork
1508 3 is sleeping
1508 2 is eating
1607 1 is thinking
1608 5 put down a fork
1608 5 put down a fork
1608 5 is sleeping
1608 4 has taken a fork
1608 4 is eating
1707 1 has taken a fork
1708 3 is thinking
1708 2 put down a fork
1708 2 put down a fork
1708 2 is sleeping
1708 1 has taken a fork
1708 1 is eating
1808 5 is thinking
1808 4 put down a fork
1808 4 put down a fork
1808 4 is sleeping
1809 3 has taken a fork
1809 3 has taken a fork
1809 3 is eating
1908 2 is thinking
1908 1 put down a fork
1908 1 put down a fork
1908 1 is sleeping
1908 5 has taken a fork
1908 5 has taken a fork
1908 5 is eating
1908 2 has taken a fork
2008 4 is thinking
2009 3 put down a fork
2009 3 put down a fork
2009 2 has taken a fork
2009 2 is eating
2009 3 is sleeping
2009 4 has taken a fork
2108 1 is thinking
2108 5 put down a fork
2108 5 put down a fork
2108 5 is sleeping
2108 4 has taken a fork
2108 4 is eating
2208 1 has taken a fork
2209 3 is thinking
2209 2 put down a fork
2209 2 put down a fork
2209 2 is sleeping
2210 1 has taken a fork
2210 1 is eating
2308 5 is thinking
2308 4 put down a fork
2308 4 put down a fork
2308 4 is sleeping
2309 3 has taken a fork
2309 3 has taken a fork
2309 3 is eating
2409 2 is thinking
2410 1 put down a fork
2410 1 put down a fork
2410 1 is sleeping
2410 2 has taken a fork
2410 5 has taken a fork
2410 5 has taken a fork
2410 5 is eating
2508 4 is thinking
2509 3 put down a fork
2509 2 has taken a fork
2509 2 is eating
2509 4 has taken a fork
2509 3 put down a fork
2509 3 is sleeping
2610 1 is thinking
2610 5 put down a fork
2610 5 put down a fork
2610 5 is sleeping
2610 4 has taken a fork
2610 4 is eating
2709 3 is thinking
2709 2 put down a fork
2709 2 put down a fork
2709 2 is sleeping
2711 1 has taken a fork
2711 1 has taken a fork
2711 1 is eating
2809 3 has taken a fork
2810 5 is thinking
2810 4 put down a fork
2810 4 put down a fork
2810 4 is sleeping
2810 3 has taken a fork
2810 3 is eating
2909 2 is thinking
2911 1 put down a fork
2911 5 has taken a fork
2911 5 has taken a fork
2911 5 is eating
2911 1 put down a fork
2912 1 is sleeping
2912 2 has taken a fork
3010 4 is thinking
3010 3 put down a fork
3010 3 put down a fork
3010 3 is sleeping
3010 2 has taken a fork
3010 2 is eating
3011 4 has taken a fork
3111 5 put down a fork
3111 5 put down a fork
3111 5 is sleeping
3111 4 has taken a fork
3111 4 is eating
3112 1 is thinking
3210 3 is thinking
3210 2 put down a fork
3210 2 put down a fork
3210 2 is sleeping
3212 1 has taken a fork
3212 1 has taken a fork
3212 1 is eating
3311 3 has taken a fork
3311 5 is thinking
3311 4 put down a fork
3311 4 put down a fork
3311 4 is sleeping
3311 3 has taken a fork
3311 3 is eating
3410 2 is thinking
3412 1 put down a fork
3412 1 put down a fork
3412 1 is sleeping
3412 5 has taken a fork
3412 5 has taken a fork
3412 5 is eating
