4 2 has taken a fork
5 2 has taken a fork
5 2 is eating
5 4 has taken a fork
5 4 has taken a fork
5 4 is eating
103 1 has taken a fork
205 2 put down a fork
205 2 put down a fork
205 2 is sleeping
205 1 has taken a fork
205 1 is eating
205 3 has taken a fork
206 4 put down a fork
206 4 put down a fork
206 4 is sleeping
206 3 has taken a fork
206 3 is eating
405 2 is thinking
406 4 is thinking
406 1 put down a fork
406 1 put down a fork
406 1 is sleeping
406 2 has taken a fork
406 5 has taken a fork
406 5 has taken a fork
406 5 is eating
408 3 put down a fork
408 2 has taken a fork
408 2 is eating
408 3 put down a fork
408 3 is sleeping
408 4 has taken a fork
606 1 is thinking
607 5 put down a fork
607 5 put down a fork
607 5 is sleeping
607 4 has taken a fork
607 4 is eating
608 3 is thinking
608 2 put down a fork
608 2 put down a fork
608 2 is sleeping
706 1 has taken a fork
706 1 has taken a fork
706 1 is eating
708 3 has taken a fork
807 5 is thinking
807 4 put down a fork
807 4 put down a fork
807 4 is sleeping
807 3 has taken a fork
807 3 is eating
808 2 is thinking
906 1 put down a fork
906 1 put down a fork
906 1 is sleeping
906 2 has taken a fork
908 5 has taken a fork
908 5 has taken a fork
908 5 is eating
1007 4 is thinking
1008 3 put down a fork
1008 2 has taken a fork
1008 2 is eating
1008 3 put down a fork
1008 3 is sleeping
1008 4 has taken a fork
1106 1 is thinking
1108 5 put down a fork
1108 5 put down a fork
1109 5 is sleeping
1109 4 has taken a fork
1109 4 is eating
1206 1 has taken a fork
1208 3 is thinking
1208 2 put down a fork
1208 2 put down a fork
1208 2 is sleeping
1208 1 has taken a fork
1208 1 is eating
1309 5 is thinking
1309 3 has taken a fork
1316 4 put down a fork
1316 4 put down a fork
1316 4 is sleeping
1316 3 has taken a fork
1316 3 is eating
1408 2 is thinking
1408 1 put down a fork
1408 1 put down a fork
1408 1 is sleeping
1408 2 has taken a fork
1413 5 has taken a fork
1413 5 has taken a fork
1413 5 is eating
1516 4 is thinking
1517 3 put down a fork
1517 2 has taken a fork
1517 2 is eating
1517 3 put down a fork
1517 3 is sleeping
1517 4 has taken a fork
1608 1 is thinking
1613 5 put down a fork
1613 5 put down a fork
1613 5 is sleeping
1613 4 has taken a fork
1613 4 is eating
1708 1 has taken a fork
1717 3 is thinking
1718 2 put down a fork
1718 2 put down a fork
1718 2 is sleeping
1718 1 has taken a fork
1718 1 is eating
1813 5 is thinking
1815 4 put down a fork
1815 4 put down a fork
1815 4 is sleeping
1817 3 has taken a fork
1817 3 has taken a fork
1817 3 is eating
1918 2 is thinking
1918 1 put down a fork
1918 1 put down a fork
1918 1 is sleeping
1918 5 has taken a fork
1918 5 has taken a fork
1918 5 is eating
1918 2 has taken a fork
2015 4 is thinking
2018 3 put down a fork
2018 3 put down a fork
2018 3 is sleeping
2018 2 has taken a fork
2018 2 is eating
2018 4 has taken a fork
2118 1 is thinking
2118 5 put down a fork
2118 5 put down a fork
2118 5 is sleeping
2118 4 has taken a fork
2118 4 is eating
2218 3 is thinking
2218 2 put down a fork
2218 2 put down a fork
2218 2 is sleeping
2219 1 has taken a fork
2219 1 has taken a fork
2219 1 is eating
2318 5 is thinking
2319 3 has taken a fork
2319 4 put down a fork
2319 3 has taken a fork
2319 3 is eating
2319 4 put down a fork
2319 4 is sleeping
2418 2 is thinking
2420 1 put down a fork
2420 1 put down a fork
2420 1 is sleeping
2420 5 has taken a fork
2420 5 has taken a fork
2420 5 is eating
2421 2 has taken a fork
2519 4 is thinking
2519 3 put down a fork
2519 3 put down a fork
2519 3 is sleeping
2519 2 has taken a fork
2519 2 is eating
2520 4 has taken a fork
2620 1 is thinking
2621 5 put down a fork
2621 5 put down a fork
2621 5 is sleeping
2621 4 has taken a fork
2621 4 is eating
2719 3 is thinking
2719 2 put down a fork
2719 2 put down a fork
2719 2 is sleeping
2721 1 has taken a fork
2721 1 has taken a fork
2721 1 is eating
2819 3 has taken a fork
2821 5 is thinking
2823 4 put down a fork
2823 4 put down a fork
2823 4 is sleeping
2823 3 has taken a fork
2823 3 is eating
2919 2 is thinking
2921 1 put down a fork
2921 2 has taken a fork
2922 1 put down a fork
2922 1 is sleeping
2922 5 has taken a fork
2922 5 has taken a fork
2922 5 is eating
3023 4 is thinking
3024 3 put down a fork
3024 2 has taken a fork
3024 2 is eating
3024 3 put down a fork
3024 3 is sleeping
3024 4 has taken a fork
3122 1 is thinking
3123 5 put down a fork
3123 5 put down a fork
3123 5 is sleeping
3123 4 has taken a fork
3123 4 is eating
3222 1 has taken a fork
3224 3 is thinking
3225 2 put down a fork
3225 2 put down a fork
3225 2 is sleeping
3225 1 has taken a fork
3225 1 is eating
3323 5 is thinking
3324 3 has taken a fork
3324 4 put down a fork
3324 4 put down a fork
3324 4 is sleeping
3324 3 has taken a fork
3324 3 is eating
3425 2 is thinking
3425 1 put down a fork
3425 1 put down a fork
3425 1 is sleeping
3425 5 has taken a fork
3425 5 has taken a fork
3425 5 is eating
