0 2 has taken a fork
0 2 has taken a fork
0 2 is eating
0 4 has taken a fork
0 4 has taken a fork
0 4 is eating
100 5 has taken a fork
200 2 put down a fork
200 2 put down a fork
200 2 is sleeping
200 3 has taken a fork
200 4 put down a fork
200 5 has taken a fork
200 5 is eating
200 4 put down a fork
200 4 is sleeping
200 3 has taken a fork
200 3 is eating
400 5 put down a fork
400 3 put down a fork
400 5 put down a fork
400 5 is sleeping
400 3 put down a fork
400 3 is sleeping
400 1 has taken a fork
400 1 has taken a fork
400 1 is eating
400 4 is thinking
400 4 has taken a fork
400 4 has taken a fork
400 4 is eating
400 2 is thinking
600 1 put down a fork
600 3 is thinking
600 1 put down a fork
600 1 is sleeping
600 2 has taken a fork
600 2 has taken a fork
600 2 is eating
600 5 is thinking
600 4 put down a fork
600 4 put down a fork
600 4 is sleeping
700 5 has taken a fork
700 5 has taken a fork
700 5 is eating
800 4 is thinking
800 4 has taken a fork
800 2 put down a fork
800 2 put down a fork
800 2 is sleeping
800 3 has taken a fork
800 1 is thinking
900 5 put down a fork
900 5 put down a fork
900 5 is sleeping
900 4 has taken a fork
900 4 is eating
900 1 has taken a fork
900 1 has taken a fork
900 1 is eating
1000 2 is thinking
1000 3 died
