1 2 has taken a fork
1 2 has taken a fork
1 2 is eating
1 4 has taken a fork
1 4 has taken a fork
1 4 is eating
100 5 has taken a fork
201 2 put down a fork
201 2 put down a fork
201 2 is sleeping
201 3 has taken a fork
202 4 put down a fork
202 4 put down a fork
202 4 is sleeping
202 5 has taken a fork
202 5 is eating
202 3 has taken a fork
202 3 is eating
401 2 is thinking
401 2 has taken a fork
402 4 is thinking
402 5 put down a fork
402 5 put down a fork
402 5 is sleeping
402 1 has taken a fork
403 3 put down a fork
403 2 has taken a fork
403 2 is eating
403 3 put down a fork
403 3 is sleeping
403 4 has taken a fork
403 4 has taken a fork
403 4 is eating
602 5 is thinking
603 3 is thinking
605 2 put down a fork
605 2 put down a fork
605 2 is sleeping
605 1 has taken a fork
605 1 is eating
606 4 put down a fork
606 4 put down a fork
606 4 is sleeping
704 3 has taken a fork
704 3 has taken a fork
704 3 is eating
805 2 is thinking
806 4 is thinking
807 1 put down a fork
807 1 put down a fork
807 1 is sleeping
807 5 has taken a fork
807 5 has taken a fork
807 5 is eating
807 2 has taken a fork
905 3 put down a fork
905 2 has taken a fork
905 2 is eating
905 3 put down a fork
905 3 is sleeping
905 4 has taken a fork
1007 1 is thinking
1008 5 put down a fork
1008 5 put down a fork
1008 5 is sleeping
1008 4 has taken a fork
1008 4 is eating
1105 3 is thinking
1107 2 put down a fork
1107 2 put down a fork
1107 2 is sleeping
1108 1 has taken a fork
1108 1 has taken a fork
1108 1 is eating
1208 5 is thinking
1208 3 has taken a fork
1209 4 put down a fork
1209 4 put down a fork
1209 4 is sleeping
1209 3 has taken a fork
1209 3 is eating
1307 2 is thinking
1308 1 put down a fork
1308 1 put down a fork
1308 1 is sleeping
1308 5 has taken a fork
1308 5 has taken a fork
1308 5 is eating
1308 2 has taken a fork
1409 4 is thinking
1409 3 put down a fork
1409 3 put down a fork
1409 3 is sleeping
1409 2 has taken a fork
1409 2 is eating
1409 4 has taken a fork
1508 1 is thinking
1508 5 put down a fork
1508 5 put down a fork
1508 5 is sleeping
1508 4 has taken a fork
1508 4 is eating
1609 1 has taken a fork
1609 3 is thinking
1610 2 put down a fork
1610 2 put down a fork
1610 2 is sleeping
1610 1 has taken a fork
1610 1 is eating
1708 5 is thinking
1709 3 has taken a fork
1709 4 put down a fork
1709 4 put down a fork
1709 4 is sleeping
1709 3 has taken a fork
1709 3 is eating
1810 2 is thinking
1810 1 put down a fork
1810 1 put down a fork
1810 1 is sleeping
1810 5 has taken a fork
1810 5 has taken a fork
1810 5 is eating
1810 2 has taken a fork
1909 4 is thinking
1909 3 put down a fork
1909 3 put down a fork
1909 3 is sleeping
1909 2 has taken a fork
1909 2 is eating
1910 4 has taken a fork
2010 1 is thinking
2011 5 put down a fork
2011 5 put down a fork
2011 5 is sleeping
2011 4 has taken a fork
2011 4 is eating
2109 3 is thinking
2110 1 has taken a fork
2110 2 put down a fork
2110 1 has taken a fork
2110 1 is eating
2110 2 put down a fork
2110 2 is sleeping
2209 3 has taken a fork
2211 5 is thinking
2211 4 put down a fork
2211 4 put down a fork
2211 4 is sleeping
2212 3 has taken a fork
2212 3 is eating
2310 2 is thinking
2310 1 put down a fork
2310 1 put down a fork
2310 1 is sleeping
2310 2 has taken a fork
2311 5 has taken a fork
2311 5 has taken a fork
2311 5 is eating
2411 4 is thinking
2412 3 put down a fork
2412 2 has taken a fork
2412 2 is eating
2412 4 has taken a fork
2412 3 put down a fork
2412 3 is sleeping
2510 1 is thinking
2511 5 put down a fork
2511 5 put down a fork
2511 5 is sleeping
2511 4 has taken a fork
2511 4 is eating
2610 1 has taken a fork
2612 3 is thinking
2612 2 put down a fork
2612 2 put down a fork
2612 2 is sleeping
2612 1 has taken a fork
2612 1 is eating
2711 5 is thinking
2711 4 put down a fork
2711 4 put down a fork
2711 4 is sleeping
2712 3 has taken a fork
2712 3 has taken a fork
2712 3 is eating
2812 2 is thinking
2813 1 put down a fork
2813 5 has taken a fork
2813 5 has taken a fork
2813 5 is eating
2813 1 put down a fork
2813 1 is sleeping
2813 2 has taken a fork
2911 4 is thinking
2912 3 put down a fork
2913 2 has taken a fork
2913 3 put down a fork
2913 3 is sleeping
2913 2 is eating
2913 4 has taken a fork
3013 1 is thinking
3013 5 put down a fork
3013 5 put down a fork
3013 5 is sleeping
3013 4 has taken a fork
3013 4 is eating
3113 3 is thinking
3113 2 put down a fork
3113 2 put down a fork
3113 2 is sleeping
3114 1 has taken a fork
3114 1 has taken a fork
3114 1 is eating
3213 5 is thinking
3213 4 put down a fork
3213 4 put down a fork
3213 4 is sleeping
3214 3 has taken a fork
3214 3 has taken a fork
3214 3 is eating
3313 2 is thinking
3314 1 put down a fork
3314 1 put down a fork
3314 1 is sleeping
3314 5 has taken a fork
3314 5 has taken a fork
3314 5 is eating
3413 4 is thinking
3414 3 put down a fork
3414 3 put down a fork
3414 3 is sleeping
3514 1 is thinking
3515 5 put down a fork
3515 5 put down a fork
3515 5 is sleeping
3614 3 is thinking
3614 1 has taken a fork
3614 1 has taken a fork
3614 1 is eating
