1 2 has taken a fork
1 2 has taken a fork
1 2 is eating
2 4 has taken a fork
2 4 has taken a fork
2 4 is eating
103 5 has taken a fork
204 2 put down a fork
204 2 put down a fork
204 2 is sleeping
204 3 has taken a fork
206 4 put down a fork
206 5 has taken a fork
206 3 has taken a fork
206 3 is eating
206 5 is eating
206 4 put down a fork
206 4 is sleeping
404 2 is thinking
404 2 has taken a fork
406 4 is thinking
406 5 put down a fork
406 5 put down a fork
406 5 is sleeping
406 1 has taken a fork
407 3 put down a fork
407 2 has taken a fork
407 4 has taken a fork
407 4 has taken a fork
407 4 is eating
408 2 is eating
408 3 put down a fork
408 3 is sleeping
606 5 is thinking
607 4 put down a fork
607 4 put down a fork
607 4 is sleeping
608 3 is thinking
609 2 put down a fork
609 2 put down a fork
609 2 is sleeping
609 1 has taken a fork
609 1 is eating
708 3 has taken a fork
708 3 has taken a fork
708 3 is eating
807 4 is thinking
809 2 is thinking
809 1 put down a fork
809 5 has taken a fork
809 5 has taken a fork
809 5 is eating
810 1 put down a fork
810 1 is sleeping
810 2 has taken a fork
909 3 put down a fork
909 2 has taken a fork
909 2 is eating
909 3 put down a fork
909 3 is sleeping
909 4 has taken a fork
1009 5 put down a fork
1009 5 put down a fork
1009 5 is sleeping
1009 4 has taken a fork
1010 4 is eating
1010 1 is thinking
1109 3 is thinking
1109 2 put down a fork
1109 2 put down a fork
1109 2 is sleeping
1110 1 has taken a fork
1110 1 has taken a fork
1110 1 is eating
1209 5 is thinking
1210 3 has taken a fork
1210 4 put down a fork
1210 4 put down a fork
1210 4 is sleeping
1210 3 has taken a fork
1210 3 is eating
1309 2 is thinking
1310 1 put down a fork
1310 1 put down a fork
1310 1 is sleeping
1310 5 has taken a fork
1310 5 has taken a fork
1310 5 is eating
1310 2 has taken a fork
1410 4 is thinking
1411 3 put down a fork
1411 2 has taken a fork
1411 4 has taken a fork
1411 2 is eating
1411 3 put down a fork
1411 3 is sleeping
1510 1 is thinking
1510 5 put down a fork
1510 5 put down a fork
1510 5 is sleeping
1510 4 has taken a fork
1510 4 is eating
1611 3 is thinking
1611 1 has taken a fork
1611 2 put down a fork
1611 2 put down a fork
1611 2 is sleeping
1611 1 has taken a fork
1611 1 is eating
1710 5 is thinking
1711 4 put down a fork
1711 4 put down a fork
1711 4 is sleeping
1712 3 has taken a fork
1712 3 has taken a fork
1712 3 is eating
1811 2 is thinking
1811 1 put down a fork
1811 1 put down a fork
1811 1 is sleeping
1811 5 has taken a fork
1811 5 has taken a fork
1811 5 is eating
1812 2 has taken a fork
1911 4 is thinking
1912 2 has taken a fork
1912 2 is eating
1912 3 put down a fork
1912 3 put down a fork
1912 3 is sleeping
1913 4 has taken a fork
2011 1 is thinking
2011 4 has taken a fork
2011 4 is eating
2012 5 put down a fork
2012 5 put down a fork
2012 5 is sleeping
2112 1 has taken a fork
2112 3 is thinking
2113 2 put down a fork
2113 2 put down a fork
2113 2 is sleeping
2113 1 has taken a fork
2113 1 is eating
2211 4 put down a fork
2211 4 put down a fork
2211 4 is sleeping
2212 3 has taken a fork
2212 3 has taken a fork
2212 3 is eating
2212 5 is thinking
2313 2 is thinking
2313 1 put down a fork
2313 1 put down a fork
2313 1 is sleeping
2313 5 has taken a fork
2313 5 has taken a fork
2313 5 is eating
2315 2 has taken a fork
2411 4 is thinking
2412 3 put down a fork
2412 2 has taken a fork
2412 2 is eating
2412 3 put down a fork
2412 3 is sleeping
2412 4 has taken a fork
2513 1 is thinking
2513 5 put down a fork
2513 5 put down a fork
2513 5 is sleeping
2513 4 has taken a fork
2513 4 is eating
2612 3 is thinking
2612 2 put down a fork
2612 2 put down a fork
2612 2 is sleeping
2614 1 has taken a fork
2614 1 has taken a fork
2614 1 is eating
2713 3 has taken a fork
2713 5 is thinking
2714 4 put down a fork
2714 4 put down a fork
2714 4 is sleeping
2714 3 has taken a fork
2714 3 is eating
2812 2 is thinking
2814 1 put down a fork
2814 5 has taken a fork
2814 5 has taken a fork
2814 5 is eating
2814 1 put down a fork
2814 1 is sleeping
2814 2 has taken a fork
2914 4 is thinking
2914 2 has taken a fork
2915 2 is eating
2915 3 put down a fork
2915 3 put down a fork
2915 3 is sleeping
2915 4 has taken a fork
3014 1 is thinking
3015 5 put down a fork
3015 5 put down a fork
3015 5 is sleeping
3015 4 has taken a fork
3015 4 is eating
3114 1 has taken a fork
3115 3 is thinking
3115 2 put down a fork
3115 2 put down a fork
3115 2 is sleeping
3115 1 has taken a fork
3115 1 is eating
3215 5 is thinking
3216 3 has taken a fork
3218 4 put down a fork
3218 4 put down a fork
3218 4 is sleeping
3218 3 has taken a fork
3218 3 is eating
3315 2 is thinking
3315 1 put down a fork
3315 1 put down a fork
3315 1 is sleeping
3316 5 has taken a fork
3316 5 has taken a fork
3316 5 is eating
3418 4 is thinking
3418 3 put down a fork
3418 3 put down a fork
3418 3 is sleeping
3515 1 is thinking
3516 5 put down a fork
3516 5 put down a fork
3516 5 is sleeping
3615 1 has taken a fork
3615 1 has taken a fork
3615 1 is eating
3618 3 is thinking
