0 4 has taken a fork
1 4 has taken a fork
1 4 is eating
1 2 has taken a fork
1 2 has taken a fork
1 2 is eating
100 5 has taken a fork
201 4 put down a fork
201 2 put down a fork
201 3 has taken a fork
201 3 has taken a fork
201 3 is eating
201 2 put down a fork
201 2 is sleeping
201 5 has taken a fork
201 5 is eating
201 4 put down a fork
201 4 is sleeping
401 2 is thinking
401 3 put down a fork
401 3 put down a fork
401 3 is sleeping
401 2 has taken a fork
401 2 has taken a fork
401 2 is eating
401 4 is thinking
401 4 has taken a fork
401 4 has taken a fork
401 4 is eating
401 5 put down a fork
401 5 put down a fork
401 5 is sleeping
401 1 has taken a fork
601 3 is thinking
601 5 is thinking
601 2 put down a fork
601 2 put down a fork
601 2 is sleeping
601 4 put down a fork
601 4 put down a fork
601 4 is sleeping
601 1 has taken a fork
601 1 is eating
701 3 has taken a fork
701 3 has taken a fork
701 3 is eating
801 4 is thinking
801 2 is thinking
801 1 put down a fork
801 1 put down a fork
801 1 is sleeping
801 5 has taken a fork
801 5 has taken a fork
801 5 is eating
801 2 has taken a fork
901 3 put down a fork
901 3 put down a fork
901 3 is sleeping
901 4 has taken a fork
901 2 has taken a fork
901 2 is eating
1001 1 is thinking
1001 5 put down a fork
1001 5 put down a fork
1001 5 is sleeping
1001 4 has taken a fork
1001 4 is eating
1101 2 put down a fork
1101 2 put down a fork
1101 2 is sleeping
1101 3 is thinking
1101 1 has taken a fork
1101 1 has taken a fork
1101 1 is eating
1201 3 has taken a fork
1201 4 put down a fork
1201 4 put down a fork
1201 4 is sleeping
1201 5 is thinking
1201 3 has taken a fork
1201 3 is eating
1301 2 is thinking
1301 1 put down a fork
1301 1 put down a fork
1301 1 is sleeping
1301 2 has taken a fork
1301 5 has taken a fork
1301 5 has taken a fork
1301 5 is eating
1401 4 is thinking
1401 3 put down a fork
1401 2 has taken a fork
1401 2 is eating
1401 3 put down a fork
1401 3 is sleeping
1401 4 has taken a fork
1501 1 is thinking
1501 5 put down a fork
1501 5 put down a fork
1501 5 is sleeping
1501 4 has taken a fork
1501 4 is eating
1601 1 has taken a fork
1601 3 is thinking
1601 2 put down a fork
1601 2 put down a fork
1601 2 is sleeping
1601 1 has taken a fork
1601 1 is eating
1701 5 is thinking
1701 3 has taken a fork
1701 4 put down a fork
1701 4 put down a fork
1701 4 is sleeping
1701 3 has taken a fork
1701 3 is eating
1801 2 is thinking
1801 1 put down a fork
1801 5 has taken a fork
1801 5 has taken a fork
1801 5 is eating
1801 1 put down a fork
1801 1 is sleeping
1801 2 has taken a fork
1901 3 put down a fork
1901 3 put down a fork
1901 3 is sleeping
1901 2 has taken a fork
1901 2 is eating
1901 4 is thinking
1901 4 has taken a fork
2001 5 put down a fork
2001 5 put down a fork
2001 5 is sleeping
2001 4 has taken a fork
2001 4 is eating
2001 1 is thinking
2101 3 is thinking
2101 2 put down a fork
2101 2 put down a fork
2101 2 is sleeping
2101 1 has taken a fork
2101 1 has taken a fork
2101 1 is eating
2201 4 put down a fork
2201 4 put down a fork
2201 4 is sleeping
2201 5 is thinking
2201 3 has taken a fork
2201 3 has taken a fork
2201 3 is eating
2301 1 put down a fork
2301 1 put down a fork
2301 1 is sleeping
2301 5 has taken a fork
2301 5 has taken a fork
2301 5 is eating
2301 2 is thinking
2301 2 has taken a fork
2401 4 is thinking
2401 3 put down a fork
2401 2 has taken a fork
2401 2 is eating
2401 3 put down a fork
2401 3 is sleeping
2401 4 has taken a fork
2501 5 put down a fork
2501 5 put down a fork
2501 5 is sleeping
2501 4 has taken a fork
2501 4 is eating
2501 1 is thinking
2601 3 is thinking
2601 1 has taken a fork
2601 2 put down a fork
2601 2 put down a fork
2601 2 is sleeping
2601 1 has taken a fork
2601 1 is eating
2701 4 put down a fork
2701 4 put down a fork
2701 4 is sleeping
2701 5 is thinking
2701 3 has taken a fork
2701 3 has taken a fork
2701 3 is eating
2801 1 put down a fork
2801 1 put down a fork
2801 1 is sleeping
2801 5 has taken a fork
2801 5 has taken a fork
2801 5 is eating
2801 2 is thinking
2801 2 has taken a fork
2901 4 is thinking
2901 3 put down a fork
2903 3 put down a fork
2903 3 is sleeping
2904 2 has taken a fork
2904 2 is eating
2904 4 has taken a fork
3001 1 is thinking
3001 5 put down a fork
3001 5 put down a fork
3001 5 is sleeping
3001 4 has taken a fork
3001 4 is eating
3101 1 has taken a fork
3103 3 is thinking
3104 2 put down a fork
3104 2 put down a fork
3104 2 is sleeping
3104 1 has taken a fork
3104 1 is eating
3201 4 put down a fork
3201 4 put down a fork
3201 4 is sleeping
3201 5 is thinking
3203 3 has taken a fork
3203 3 has taken a fork
3203 3 is eating
3304 1 put down a fork
3304 1 put down a fork
3304 1 is sleeping
3304 5 has taken a fork
3304 5 has taken a fork
3304 5 is eating
3304 2 is thinking
3401 4 is thinking
3403 3 put down a fork
3403 3 put down a fork
3403 3 is sleeping
3504 5 put down a fork
3504 5 put down a fork
3504 5 is sleeping
3504 1 is thinking
3603 3 is thinking
3604 1 has taken a fork
3604 1 has taken a fork
3604 1 is eating
