1 4 has taken a fork
1 4 has taken a fork
1 4 is eating
2 2 has taken a fork
2 2 has taken a fork
2 2 is eating
100 5 has taken a fork
201 4 put down a fork
201 4 put down a fork
201 4 is sleeping
201 5 has taken a fork
201 5 is eating
202 2 put down a fork
202 2 put down a fork
202 2 is sleeping
202 3 has taken a fork
202 3 has taken a fork
202 3 is eating
401 4 is thinking
401 5 put down a fork
402 5 put down a fork
402 5 is sleeping
402 2 is thinking
402 1 has taken a fork
402 1 has taken a fork
402 1 is eating
402 3 put down a fork
402 3 put down a fork
402 3 is sleeping
402 4 has taken a fork
402 4 has taken a fork
402 4 is eating
602 3 is thinking
602 5 is thinking
603 1 put down a fork
603 1 put down a fork
603 1 is sleeping
603 2 has taken a fork
603 2 has taken a fork
603 2 is eating
603 4 put down a fork
603 4 put down a fork
603 4 is sleeping
703 5 has taken a fork
703 5 has taken a fork
703 5 is eating
803 4 is thinking
803 1 is thinking
803 2 put down a fork
803 2 put down a fork
803 2 is sleeping
803 3 has taken a fork
803 3 has taken a fork
803 3 is eating
903 5 put down a fork
903 5 put down a fork
903 5 is sleeping
904 1 has taken a fork
904 1 has taken a fork
904 1 is eating
1003 2 is thinking
1003 3 put down a fork
1003 3 put down a fork
1003 3 is sleeping
1003 4 has taken a fork
1003 4 has taken a fork
1003 4 is eating
1103 5 is thinking
1104 1 put down a fork
1104 1 put down a fork
1104 1 is sleeping
1104 2 has taken a fork
1104 2 has taken a fork
1104 2 is eating
1203 3 is thinking
1203 5 has taken a fork
1204 4 put down a fork
1204 4 put down a fork
1204 4 is sleeping
1204 5 has taken a fork
1204 5 is eating
1304 1 is thinking
1304 2 put down a fork
1304 2 put down a fork
1304 2 is sleeping
1304 3 has taken a fork
1304 3 has taken a fork
1304 3 is eating
1404 4 is thinking
1405 5 put down a fork
1405 5 put down a fork
1405 5 is sleeping
1405 1 has taken a fork
1405 1 has taken a fork
1405 1 is eating
1504 2 is thinking
1504 3 put down a fork
1504 3 put down a fork
1504 3 is sleeping
1504 4 has taken a fork
1504 4 has taken a fork
1504 4 is eating
1605 5 is thinking
1605 1 put down a fork
1605 1 put down a fork
1605 1 is sleeping
1605 2 has taken a fork
1605 2 has taken a fork
1605 2 is eating
1704 3 is thinking
1705 4 put down a fork
1705 4 put down a fork
1705 4 is sleeping
1706 5 has taken a fork
1706 5 has taken a fork
1706 5 is eating
1805 1 is thinking
1805 2 put down a fork
1805 2 put down a fork
1805 2 is sleeping
1805 3 has taken a fork
1805 3 has taken a fork
1805 3 is eating
1905 4 is thinking
1906 5 put down a fork
1906 5 put down a fork
1906 5 is sleeping
1906 1 has taken a fork
1906 1 has taken a fork
1906 1 is eating
2005 2 is thinking
2006 3 put down a fork
2006 3 put down a fork
2006 3 is sleeping
2006 4 has taken a fork
2006 4 has taken a fork
2006 4 is eating
2106 5 is thinking
2107 1 put down a fork
2107 1 put down a fork
2107 1 is sleeping
2107 2 has taken a fork
2107 2 has taken a fork
2107 2 is eating
2206 5 has taken a fork
2206 3 is thinking
2206 4 put down a fork
2206 4 put down a fork
2206 4 is sleeping
2206 5 has taken a fork
2206 5 is eating
2307 1 is thinking
2308 2 put down a fork
2308 2 put down a fork
2308 2 is sleeping
2308 3 has taken a fork
2308 3 has taken a fork
2308 3 is eating
2406 4 is thinking
2407 5 put down a fork
2407 5 put down a fork
2407 5 is sleeping
2407 1 has taken a fork
2407 1 has taken a fork
2407 1 is eating
2508 2 is thinking
2509 3 put down a fork
2509 3 put down a fork
2509 3 is sleeping
2509 4 has taken a fork
2509 4 has taken a fork
2509 4 is eating
2607 5 is thinking
2607 1 put down a fork
2607 1 put down a fork
2607 1 is sleeping
2607 2 has taken a fork
2607 2 has taken a fork
2607 2 is eating
2707 5 has taken a fork
2709 3 is thinking
2709 4 put down a fork
2709 4 put down a fork
2709 4 is sleeping
2709 5 has taken a fork
2709 5 is eating
2807 1 is thinking
2807 2 put down a fork
2807 2 put down a fork
2807 2 is sleeping
2810 3 has taken a fork
2810 3 has taken a fork
2810 3 is eating
2909 4 is thinking
2909 5 put down a fork
2909 5 put down a fork
2910 5 is sleeping
2910 1 has taken a fork
2910 1 has taken a fork
2910 1 is eating
3007 2 is thinking
3010 3 put down a fork
3010 3 put down a fork
3010 3 is sleeping
3010 4 has taken a fork
3010 4 has taken a fork
3010 4 is eating
3110 5 is thinking
3111 1 put down a fork
3111 1 put down a fork
3111 1 is sleeping
3111 2 has taken a fork
3111 2 has taken a fork
3111 2 is eating
3210 5 has taken a fork
3210 3 is thinking
3210 4 put down a fork
3210 4 put down a fork
3210 4 is sleeping
3210 5 has taken a fork
3210 5 is eating
3311 1 is thinking
3311 2 put down a fork
3311 2 put down a fork
3311 2 is sleeping
3311 3 has taken a fork
3311 3 has taken a fork
3311 3 is eating
3410 4 is thinking
3410 5 put down a fork
3410 5 put down a fork
3410 5 is sleeping
3412 1 has taken a fork
3412 1 has taken a fork
3412 1 is eating
