1 4 has taken a fork
2 4 has taken a fork
2 4 is eating
2 2 has taken a fork
3 2 has taken a fork
3 2 is eating
101 5 has taken a fork
202 4 put down a fork
202 4 put down a fork
202 4 is sleeping
202 5 has taken a fork
202 5 is eating
204 2 put down a fork
204 2 put down a fork
204 2 is sleeping
204 3 has taken a fork
204 3 has taken a fork
204 3 is eating
402 4 is thinking
403 5 put down a fork
403 1 has taken a fork
403 1 has taken a fork
403 1 is eating
403 5 put down a fork
403 5 is sleeping
404 2 is thinking
406 3 put down a fork
406 3 put down a fork
406 3 is sleeping
406 4 has taken a fork
406 4 has taken a fork
406 4 is eating
603 5 is thinking
605 1 put down a fork
605 1 put down a fork
605 1 is sleeping
606 2 has taken a fork
606 2 has taken a fork
606 2 is eating
606 3 is thinking
608 4 put down a fork
608 4 put down a fork
608 4 is sleeping
704 5 has taken a fork
704 5 has taken a fork
704 5 is eating
805 1 is thinking
808 4 is thinking
808 2 put down a fork
808 2 put down a fork
808 2 is sleeping
808 3 has taken a fork
808 3 has taken a fork
808 3 is eating
905 5 put down a fork
905 5 put down a fork
905 5 is sleeping
906 1 has taken a fork
906 1 has taken a fork
906 1 is eating
1008 2 is thinking
1008 3 put down a fork
1008 3 put down a fork
1008 3 is sleeping
1008 4 has taken a fork
1008 4 has taken a fork
1008 4 is eating
1105 5 is thinking
1106 1 put down a fork
1106 1 put down a fork
1106 1 is sleeping
1107 2 has taken a fork
1107 2 has taken a fork
1107 2 is eating
1205 5 has taken a fork
1208 3 is thinking
1208 4 put down a fork
1208 4 put down a fork
1208 4 is sleeping
1208 5 has taken a fork
1208 5 is eating
1306 1 is thinking
1307 2 put down a fork
1307 2 put down a fork
1307 2 is sleeping
1309 3 has taken a fork
1309 3 has taken a fork
1309 3 is eating
1408 4 is thinking
1409 5 put down a fork
1409 5 put down a fork
1409 5 is sleeping
1409 1 has taken a fork
1409 1 has taken a fork
1409 1 is eating
1507 2 is thinking
1509 3 put down a fork
1509 3 put down a fork
1509 3 is sleeping
1509 4 has taken a fork
1509 4 has taken a fork
1509 4 is eating
1609 5 is thinking
1610 1 put down a fork
1610 1 put down a fork
1610 1 is sleeping
1610 2 has taken a fork
1610 2 has taken a fork
1610 2 is eating
1709 5 has taken a fork
1709 3 is thinking
1710 4 put down a fork
1710 4 put down a fork
1710 4 is sleeping
1710 5 has taken a fork
1710 5 is eating
1810 1 is thinking
1811 2 put down a fork
1811 2 put down a fork
1811 2 is sleeping
1811 3 has taken a fork
1811 3 has taken a fork
1811 3 is eating
1910 4 is thinking
1910 5 put down a fork
1910 5 put down a fork
1910 5 is sleeping
1911 1 has taken a fork
1911 1 has taken a fork
1911 1 is eating
2011 2 is thinking
2011 3 put down a fork
2011 3 put down a fork
2011 3 is sleeping
2011 4 has taken a fork
2011 4 has taken a fork
2011 4 is eating
2110 5 is thinking
2111 1 put down a fork
2111 1 put down a fork
2111 1 is sleeping
2111 2 has taken a fork
2111 2 has taken a fork
2111 2 is eating
2210 5 has taken a fork
2211 3 is thinking
2211 4 put down a fork
2211 4 put down a fork
2211 4 is sleeping
2211 5 has taken a fork
2211 5 is eating
2311 1 is thinking
2312 2 put down a fork
2312 2 put down a fork
2312 2 is sleeping
2312 3 has taken a fork
2312 3 has taken a fork
2312 3 is eating
2411 4 is thinking
2412 5 put down a fork
2412 5 put down a fork
2412 5 is sleeping
2412 1 has taken a fork
2412 1 has taken a fork
2412 1 is eating
2512 2 is thinking
2512 3 put down a fork
2512 3 put down a fork
2512 3 is sleeping
2512 4 has taken a fork
2512 4 has taken a fork
2512 4 is eating
2612 5 is thinking
2612 1 put down a fork
2612 1 put down a fork
2612 1 is sleeping
2612 2 has taken a fork
2612 2 has taken a fork
2612 2 is eating
2712 3 is thinking
2712 4 put down a fork
2712 4 put down a fork
2712 4 is sleeping
2713 5 has taken a fork
2713 5 has taken a fork
2713 5 is eating
2812 1 is thinking
2812 2 put down a fork
2812 2 put down a fork
2812 2 is sleeping
2813 3 has taken a fork
2813 3 has taken a fork
2813 3 is eating
2912 4 is thinking
2913 5 put down a fork
2913 5 put down a fork
2914 5 is sleeping
2914 1 has taken a fork
2914 1 has taken a fork
2914 1 is eating
3012 2 is thinking
3013 3 put down a fork
3013 3 put down a fork
3013 3 is sleeping
3013 4 has taken a fork
3013 4 has taken a fork
3013 4 is eating
3114 5 is thinking
3115 1 put down a fork
3115 1 put down a fork
3115 1 is sleeping
3115 2 has taken a fork
3115 2 has taken a fork
3115 2 is eating
3213 3 is thinking
3213 4 put down a fork
3213 4 put down a fork
3213 4 is sleeping
3214 5 has taken a fork
3214 5 has taken a fork
3214 5 is eating
3315 1 is thinking
3316 2 put down a fork
3316 2 put down a fork
3316 2 is sleeping
3316 3 has taken a fork
3316 3 has taken a fork
3316 3 is eating
3413 4 is thinking
3414 5 put down a fork
3414 5 put down a fork
3414 5 is sleeping
3415 1 has taken a fork
3415 1 has taken a fork
3415 1 is eating
