4 4 has taken a fork
6 4 has taken a fork
6 4 is eating
6 2 has taken a fork
6 2 has taken a fork
6 2 is eating
102 5 has taken a fork
206 4 put down a fork
206 4 put down a fork
206 4 is sleeping
206 5 has taken a fork
206 5 is eating
207 3 has taken a fork
207 3 has taken a fork
207 3 is eating
207 2 put down a fork
207 2 put down a fork
207 2 is sleeping
406 4 is thinking
407 2 is thinking
407 5 put down a fork
407 5 put down a fork
407 5 is sleeping
407 1 has taken a fork
408 1 has taken a fork
408 1 is eating
408 3 put down a fork
408 3 put down a fork
408 3 is sleeping
408 4 has taken a fork
408 4 has taken a fork
408 4 is eating
607 5 is thinking
608 3 is thinking
609 4 put down a fork
609 4 put down a fork
609 4 is sleeping
610 1 put down a fork
610 1 put down a fork
610 1 is sleeping
610 2 has taken a fork
610 2 has taken a fork
610 2 is eating
707 5 has taken a fork
707 5 has taken a fork
707 5 is eating
809 4 is thinking
809 4 has taken a fork
810 1 is thinking
810 2 put down a fork
810 2 put down a fork
810 2 is sleeping
810 3 has taken a fork
910 5 put down a fork
910 5 put down a fork
910 5 is sleeping
910 4 has taken a fork
910 4 is eating
911 1 has taken a fork
911 1 has taken a fork
911 1 is eating
1007 3 died
