1 2 has taken a fork
2 2 has taken a fork
2 2 is eating
2 4 has taken a fork
2 4 has taken a fork
2 4 is eating
100 5 has taken a fork
202 2 put down a fork
202 2 put down a fork
202 2 is sleeping
202 3 has taken a fork
203 4 put down a fork
204 4 put down a fork
204 4 is sleeping
204 5 has taken a fork
204 5 is eating
204 3 has taken a fork
204 3 is eating
402 2 is thinking
403 2 has taken a fork
404 4 is thinking
405 3 put down a fork
405 3 put down a fork
405 3 is sleeping
405 2 has taken a fork
405 2 is eating
406 5 put down a fork
406 5 put down a fork
406 5 is sleeping
406 1 has taken a fork
407 4 has taken a fork
407 4 has taken a fork
407 4 is eating
605 3 is thinking
606 5 is thinking
606 2 put down a fork
606 2 put down a fork
606 2 is sleeping
606 1 has taken a fork
606 1 is eating
608 4 put down a fork
608 4 put down a fork
608 4 is sleeping
707 3 has taken a fork
707 3 has taken a fork
707 3 is eating
806 2 is thinking
807 1 put down a fork
807 1 put down a fork
807 1 is sleeping
807 2 has taken a fork
807 5 has taken a fork
807 5 has taken a fork
807 5 is eating
808 4 is thinking
907 3 put down a fork
907 2 has taken a fork
907 2 is eating
907 3 put down a fork
907 3 is sleeping
907 4 has taken a fork
1007 1 is thinking
1007 5 put down a fork
1007 5 put down a fork
1007 5 is sleeping
1007 4 has taken a fork
1007 4 is eating
1107 3 is thinking
1107 2 put down a fork
1107 2 put down a fork
1107 2 is sleeping
1108 1 has taken a fork
1108 1 has taken a fork
1108 1 is eating
1207 5 is thinking
1208 3 has taken a fork
1208 4 put down a fork
1208 4 put down a fork
1208 4 is sleeping
1208 3 has taken a fork
1208 3 is eating
1307 2 is thinking
1308 1 put down a fork
1308 5 has taken a fork
1308 5 has taken a fork
1308 5 is eating
1308 1 put down a fork
1308 1 is sleeping
1308 2 has taken a fork
1408 4 is thinking
1410 3 put down a fork
1410 3 put down a fork
1410 3 is sleeping
1410 4 has taken a fork
1410 2 has taken a fork
1410 2 is eating
1508 1 is thinking
1509 5 put down a fork
1509 5 put down a fork
1509 5 is sleeping
1509 4 has taken a fork
1509 4 is eating
1608 1 has taken a fork
1610 3 is thinking
1611 2 put down a fork
1611 2 put down a fork
1611 2 is sleeping
1611 1 has taken a fork
1611 1 is eating
1709 5 is thinking
1709 4 put down a fork
1709 4 put down a fork
1709 4 is sleeping
1710 3 has taken a fork
1710 3 has taken a fork
1710 3 is eating
1811 2 is thinking
1811 1 put down a fork
1811 1 put down a fork
1811 1 is sleeping
1811 5 has taken a fork
1811 5 has taken a fork
1811 5 is eating
1812 2 has taken a fork
1909 4 is thinking
1910 3 put down a fork
1910 3 put down a fork
1910 3 is sleeping
1910 2 has taken a fork
1910 2 is eating
1911 4 has taken a fork
2011 1 is thinking
2011 5 put down a fork
2011 5 put down a fork
2011 5 is sleeping
2011 4 has taken a fork
2011 4 is eating
2110 3 is thinking
2111 2 put down a fork
2111 2 put down a fork
2111 2 is sleeping
2112 1 has taken a fork
2112 1 has taken a fork
2112 1 is eating
2210 3 has taken a fork
2211 5 is thinking
2211 4 put down a fork
2211 4 put down a fork
2211 4 is sleeping
2211 3 has taken a fork
2211 3 is eating
2311 2 is thinking
2312 1 put down a fork
2312 1 put down a fork
2312 1 is sleeping
2312 5 has taken a fork
2312 5 has taken a fork
2312 5 is eating
2312 2 has taken a fork
2411 4 is thinking
2412 3 put down a fork
2412 2 has taken a fork
2412 2 is eating
2412 3 put down a fork
2412 3 is sleeping
2412 4 has taken a fork
2512 1 is thinking
2513 5 put down a fork
2513 5 put down a fork
2513 5 is sleeping
2513 4 has taken a fork
2513 4 is eating
2612 3 is thinking
2612 1 has taken a fork
2613 2 put down a fork
2613 2 put down a fork
2613 2 is sleeping
2613 1 has taken a fork
2613 1 is eating
2712 3 has taken a fork
2713 5 is thinking
2714 4 put down a fork
2714 4 put down a fork
2714 4 is sleeping
2714 3 has taken a fork
2714 3 is eating
2813 2 is thinking
2813 1 put down a fork
2813 1 put down a fork
2813 1 is sleeping
2814 2 has taken a fork
2815 5 has taken a fork
2815 5 has taken a fork
2815 5 is eating
2914 4 is thinking
2914 3 put down a fork
2915 3 put down a fork
2915 3 is sleeping
2915 2 has taken a fork
2915 2 is eating
2915 4 has taken a fork
3013 1 is thinking
3015 5 put down a fork
3015 5 put down a fork
3015 5 is sleeping
3015 4 has taken a fork
3015 4 is eating
3113 1 has taken a fork
3115 3 is thinking
3115 2 put down a fork
3115 2 put down a fork
3115 2 is sleeping
3115 1 has taken a fork
3115 1 is eating
3215 5 is thinking
3216 4 put down a fork
3216 4 put down a fork
3216 4 is sleeping
3217 3 has taken a fork
3217 3 has taken a fork
3217 3 is eating
3315 2 is thinking
3315 1 put down a fork
3315 1 put down a fork
3315 1 is sleeping
3315 5 has taken a fork
3315 5 has taken a fork
3315 5 is eating
3416 4 is thinking
3418 3 put down a fork
3418 3 put down a fork
3418 3 is sleeping
3515 1 is thinking
3516 5 put down a fork
3516 5 put down a fork
3516 5 is sleeping
3617 1 has taken a fork
3617 1 has taken a fork
3617 1 is eating
3618 3 is thinking
