2 2 has taken a fork
3 2 has taken a fork
3 2 is eating
3 4 has taken a fork
3 4 has taken a fork
3 4 is eating
102 5 has taken a fork
203 4 put down a fork
203 4 put down a fork
203 4 is sleeping
203 5 has taken a fork
203 5 is eating
204 2 put down a fork
204 2 put down a fork
204 2 is sleeping
204 3 has taken a fork
204 3 has taken a fork
204 3 is eating
403 4 is thinking
403 5 put down a fork
403 1 has taken a fork
403 1 has taken a fork
403 1 is eating
403 5 put down a fork
403 5 is sleeping
404 2 is thinking
404 3 put down a fork
404 3 put down a fork
404 3 is sleeping
404 4 has taken a fork
404 4 has taken a fork
404 4 is eating
603 5 is thinking
603 1 put down a fork
603 1 put down a fork
603 1 is sleeping
603 2 has taken a fork
603 2 has taken a fork
603 2 is eating
604 3 is thinking
604 4 put down a fork
604 4 put down a fork
604 4 is sleeping
704 5 has taken a fork
704 5 has taken a fork
704 5 is eating
803 1 is thinking
804 4 is thinking
805 2 put down a fork
805 2 put down a fork
805 2 is sleeping
805 3 has taken a fork
805 3 has taken a fork
805 3 is eating
904 5 put down a fork
904 5 put down a fork
904 5 is sleeping
904 1 has taken a fork
904 1 has taken a fork
904 1 is eating
1005 2 is thinking
1005 3 put down a fork
1005 3 put down a fork
1005 3 is sleeping
1005 4 has taken a fork
1005 4 has taken a fork
1005 4 is eating
1104 5 is thinking
1105 1 put down a fork
1105 1 put down a fork
1105 1 is sleeping
1105 2 has taken a fork
1105 2 has taken a fork
1105 2 is eating
1204 5 has taken a fork
1205 3 is thinking
1206 4 put down a fork
1206 4 put down a fork
1206 4 is sleeping
1206 5 has taken a fork
1206 5 is eating
1305 1 is thinking
1305 2 put down a fork
1305 2 put down a fork
1305 2 is sleeping
1305 3 has taken a fork
1305 3 has taken a fork
1305 3 is eating
1406 4 is thinking
1406 5 put down a fork
1406 5 put down a fork
1406 5 is sleeping
1406 1 has taken a fork
1406 1 has taken a fork
1406 1 is eating
1505 2 is thinking
1505 3 put down a fork
1505 3 put down a fork
1505 3 is sleeping
1505 4 has taken a fork
1505 4 has taken a fork
1505 4 is eating
1606 5 is thinking
1621 1 put down a fork
1621 1 put down a fork
1621 1 is sleeping
1621 2 has taken a fork
1621 2 has taken a fork
1621 2 is eating
1705 3 is thinking
1705 4 put down a fork
1705 4 put down a fork
1705 4 is sleeping
1726 5 has taken a fork
1726 5 has taken a fork
1726 5 is eating
1821 1 is thinking
1821 2 put down a fork
1821 2 put down a fork
1821 2 is sleeping
1821 3 has taken a fork
1821 3 has taken a fork
1821 3 is eating
1905 4 is thinking
1927 5 put down a fork
1927 5 put down a fork
1927 5 is sleeping
1927 1 has taken a fork
1927 1 has taken a fork
1927 1 is eating
2021 2 is thinking
2021 3 put down a fork
2021 3 put down a fork
2021 3 is sleeping
2021 4 has taken a fork
2021 4 has taken a fork
2021 4 is eating
2127 5 is thinking
2128 1 put down a fork
2128 1 put down a fork
2128 1 is sleeping
2128 2 has taken a fork
2128 2 has taken a fork
2128 2 is eating
2221 3 is thinking
2222 4 put down a fork
2222 4 put down a fork
2222 4 is sleeping
2228 5 has taken a fork
2228 5 has taken a fork
2228 5 is eating
2328 1 is thinking
2329 2 put down a fork
2329 2 put down a fork
2329 2 is sleeping
2329 3 has taken a fork
2329 3 has taken a fork
2329 3 is eating
2422 4 is thinking
2428 5 put down a fork
2428 5 put down a fork
2428 5 is sleeping
2428 1 has taken a fork
2428 1 has taken a fork
2428 1 is eating
2529 2 is thinking
2531 3 put down a fork
2531 3 put down a fork
2531 3 is sleeping
2532 4 has taken a fork
2532 4 has taken a fork
2532 4 is eating
2628 5 is thinking
2628 1 put down a fork
2628 2 has taken a fork
2628 2 has taken a fork
2628 2 is eating
2628 1 put down a fork
2628 1 is sleeping
2729 5 has taken a fork
2731 3 is thinking
2733 4 put down a fork
2733 4 put down a fork
2733 4 is sleeping
2733 5 has taken a fork
2733 5 is eating
2828 1 is thinking
2828 2 put down a fork
2828 2 put down a fork
2828 2 is sleeping
2832 3 has taken a fork
2832 3 has taken a fork
2832 3 is eating
2933 4 is thinking
2934 5 put down a fork
2934 5 put down a fork
2934 5 is sleeping
2934 1 has taken a fork
2934 1 has taken a fork
2934 1 is eating
3028 2 is thinking
3032 3 put down a fork
3032 3 put down a fork
3032 3 is sleeping
3032 4 has taken a fork
3032 4 has taken a fork
3032 4 is eating
3134 5 is thinking
3134 1 put down a fork
3134 1 put down a fork
3134 1 is sleeping
3134 2 has taken a fork
3134 2 has taken a fork
3134 2 is eating
3232 3 is thinking
3233 4 put down a fork
3233 4 put down a fork
3233 4 is sleeping
3235 5 has taken a fork
3235 5 has taken a fork
3235 5 is eating
3334 1 is thinking
3334 2 put down a fork
3334 2 put down a fork
3334 2 is sleeping
3334 3 has taken a fork
3334 3 has taken a fork
3334 3 is eating
3433 4 is thinking
3435 5 put down a fork
3435 5 put down a fork
3435 5 is sleeping
3435 1 has taken a fork
3435 1 has taken a fork
3435 1 is eating
