2 2 has taken a fork
3 2 has taken a fork
3 2 is eating
4 4 has taken a fork
4 4 has taken a fork
4 4 is eating
102 1 has taken a fork
203 2 put down a fork
203 3 has taken a fork
203 1 has taken a fork
203 1 is eating
203 2 put down a fork
203 2 is sleeping
204 4 put down a fork
204 4 put down a fork
204 4 is sleeping
204 3 has taken a fork
204 3 is eating
403 2 is thinking
403 1 put down a fork
403 1 put down a fork
403 1 is sleeping
403 5 has taken a fork
403 5 has taken a fork
403 5 is eating
403 2 has taken a fork
404 4 is thinking
404 3 put down a fork
404 3 put down a fork
404 3 is sleeping
404 2 has taken a fork
404 2 is eating
404 4 has taken a fork
603 1 is thinking
604 3 is thinking
604 5 put down a fork
604 5 put down a fork
604 5 is sleeping
604 4 has taken a fork
604 4 is eating
605 2 put down a fork
605 2 put down a fork
605 2 is sleeping
705 3 has taken a fork
706 1 has taken a fork
706 1 has taken a fork
706 1 is eating
804 5 is thinking
804 4 put down a fork
804 4 put down a fork
804 4 is sleeping
804 3 has taken a fork
804 3 is eating
805 2 is thinking
906 1 put down a fork
906 1 put down a fork
906 1 is sleeping
906 5 has taken a fork
906 5 has taken a fork
906 5 is eating
906 2 has taken a fork
1004 4 is thinking
1004 3 put down a fork
1004 3 put down a fork
1004 3 is sleeping
1004 2 has taken a fork
1004 2 is eating
1005 4 has taken a fork
1106 1 is thinking
1106 5 put down a fork
1106 5 put down a fork
1106 5 is sleeping
1106 4 has taken a fork
1107 4 is eating
1204 3 is thinking
1205 2 put down a fork
1205 2 put down a fork
1205 2 is sleeping
1207 1 has taken a fork
1207 1 has taken a fork
1207 1 is eating
1304 3 has taken a fork
1306 5 is thinking
1307 4 put down a fork
1307 4 put down a fork
1307 4 is sleeping
1307 3 has taken a fork
1307 3 is eating
1405 2 is thinking
1407 1 put down a fork
1407 5 has taken a fork
1407 5 has taken a fork
1407 5 is eating
1407 1 put down a fork
1407 1 is sleeping
1407 2 has taken a fork
1507 4 is thinking
1507 3 put down a fork
1507 3 put down a fork
1507 3 is sleeping
1507 4 has taken a fork
1507 2 has taken a fork
1507 2 is eating
1607 1 is thinking
1607 5 put down a fork
1607 5 put down a fork
1607 5 is sleeping
1607 4 has taken a fork
1607 4 is eating
1707 3 is thinking
1707 1 has taken a fork
1707 2 put down a fork
1707 2 put down a fork
1707 2 is sleeping
1707 1 has taken a fork
1707 1 is eating
1807 5 is thinking
1807 3 has taken a fork
1807 4 put down a fork
1807 4 put down a fork
1807 4 is sleeping
1807 3 has taken a fork
1807 3 is eating
1907 2 is thinking
1907 1 put down a fork
1907 5 has taken a fork
1907 5 has taken a fork
1907 5 is eating
1907 1 put down a fork
1907 1 is sleeping
1907 2 has taken a fork
2007 4 is thinking
2007 3 put down a fork
2007 3 put down a fork
2007 3 is sleeping
2007 2 has taken a fork
2007 2 is eating
2007 4 has taken a fork
2107 1 is thinking
2107 5 put down a fork
2107 5 put down a fork
2107 5 is sleeping
2107 4 has taken a fork
2107 4 is eating
2207 3 is thinking
2207 1 has taken a fork
2207 2 put down a fork
2207 2 put down a fork
2207 2 is sleeping
2208 1 has taken a fork
2208 1 is eating
2307 3 has taken a fork
2307 5 is thinking
2307 4 put down a fork
2307 4 put down a fork
2307 4 is sleeping
2307 3 has taken a fork
2307 3 is eating
2407 2 is thinking
2408 1 put down a fork
2408 1 put down a fork
2408 1 is sleeping
2408 2 has taken a fork
2408 5 has taken a fork
2408 5 has taken a fork
2408 5 is eating
2507 4 is thinking
2507 3 put down a fork
2507 3 put down a fork
2507 3 is sleeping
2507 2 has taken a fork
2507 2 is eating
2508 4 has taken a fork
2608 1 is thinking
2608 5 put down a fork
2608 5 put down a fork
2608 5 is sleeping
2608 4 has taken a fork
2608 4 is eating
2707 3 is thinking
2709 2 put down a fork
2709 2 put down a fork
2709 2 is sleeping
2709 1 has taken a fork
2709 1 has taken a fork
2709 1 is eating
2808 3 has taken a fork
2808 5 is thinking
2808 4 put down a fork
2808 4 put down a fork
2808 4 is sleeping
2808 3 has taken a fork
2808 3 is eating
2909 2 is thinking
2909 1 put down a fork
2909 1 put down a fork
2910 1 is sleeping
2910 5 has taken a fork
2910 5 has taken a fork
2910 5 is eating
2910 2 has taken a fork
3008 4 is thinking
3008 3 put down a fork
3008 3 put down a fork
3008 3 is sleeping
3008 2 has taken a fork
3008 2 is eating
3008 4 has taken a fork
3110 1 is thinking
3110 5 put down a fork
3110 5 put down a fork
3110 5 is sleeping
3110 4 has taken a fork
3110 4 is eating
3208 3 is thinking
3208 2 put down a fork
3208 2 put down a fork
3208 2 is sleeping
3210 1 has taken a fork
3210 1 has taken a fork
3210 1 is eating
3309 3 has taken a fork
3310 5 is thinking
3310 4 put down a fork
3311 4 put down a fork
3311 4 is sleeping
3311 3 has taken a fork
3311 3 is eating
3408 2 is thinking
3410 1 put down a fork
3410 1 put down a fork
3410 1 is sleeping
3410 5 has taken a fork
3410 5 has taken a fork
3410 5 is eating
