0 4 has taken a fork
1 4 has taken a fork
1 4 is eating
2 2 has taken a fork
2 2 has taken a fork
2 2 is eating
101 1 has taken a fork
201 4 put down a fork
201 4 put down a fork
201 4 is sleeping
202 2 put down a fork
202 1 has taken a fork
202 1 is eating
202 3 has taken a fork
202 2 put down a fork
202 2 is sleeping
202 3 has taken a fork
202 3 is eating
401 4 is thinking
402 2 is thinking
402 1 put down a fork
402 1 put down a fork
402 1 is sleeping
402 5 has taken a fork
402 5 has taken a fork
402 5 is eating
403 3 put down a fork
403 3 put down a fork
403 3 is sleeping
403 4 has taken a fork
403 2 has taken a fork
403 2 has taken a fork
403 2 is eating
602 1 is thinking
603 3 is thinking
603 5 put down a fork
603 5 put down a fork
603 5 is sleeping
603 4 has taken a fork
603 4 is eating
604 2 put down a fork
604 2 put down a fork
604 2 is sleeping
702 1 has taken a fork
702 1 has taken a fork
702 1 is eating
703 3 has taken a fork
803 5 is thinking
803 4 put down a fork
803 4 put down a fork
803 4 is sleeping
803 3 has taken a fork
803 3 is eating
804 2 is thinking
902 1 put down a fork
902 1 put down a fork
902 1 is sleeping
902 2 has taken a fork
903 5 has taken a fork
903 5 has taken a fork
903 5 is eating
1003 4 is thinking
1004 3 put down a fork
1004 2 has taken a fork
1004 2 is eating
1004 3 put down a fork
1004 3 is sleeping
1004 4 has taken a fork
1102 1 is thinking
1103 5 put down a fork
1103 5 put down a fork
1103 5 is sleeping
1103 4 has taken a fork
1103 4 is eating
1202 1 has taken a fork
1204 3 is thinking
1204 2 put down a fork
1204 2 put down a fork
1204 2 is sleeping
1204 1 has taken a fork
1204 1 is eating
1303 5 is thinking
1303 4 put down a fork
1303 4 put down a fork
1303 4 is sleeping
1304 3 has taken a fork
1304 3 has taken a fork
1304 3 is eating
1404 2 is thinking
1404 1 put down a fork
1404 5 has taken a fork
1404 5 has taken a fork
1404 5 is eating
1404 1 put down a fork
1404 1 is sleeping
1404 2 has taken a fork
1503 4 is thinking
1504 3 put down a fork
1504 2 has taken a fork
1504 2 is eating
1504 3 put down a fork
1504 3 is sleeping
1505 4 has taken a fork
1604 1 is thinking
1605 5 put down a fork
1605 5 put down a fork
1605 5 is sleeping
1605 4 has taken a fork
1605 4 is eating
1704 1 has taken a fork
1704 3 is thinking
1705 2 put down a fork
1705 2 put down a fork
1705 2 is sleeping
1705 1 has taken a fork
1705 1 is eating
1804 3 has taken a fork
1805 5 is thinking
1805 4 put down a fork
1805 4 put down a fork
1805 4 is sleeping
1805 3 has taken a fork
1805 3 is eating
1905 2 is thinking
1907 1 put down a fork
1907 5 has taken a fork
1907 5 has taken a fork
1907 5 is eating
1907 1 put down a fork
1907 1 is sleeping
1907 2 has taken a fork
2005 4 is thinking
2006 3 put down a fork
2006 3 put down a fork
2006 3 is sleeping
2006 2 has taken a fork
2006 2 is eating
2006 4 has taken a fork
2107 1 is thinking
2108 5 put down a fork
2108 5 put down a fork
2108 5 is sleeping
2108 4 has taken a fork
2108 4 is eating
2206 3 is thinking
2206 2 put down a fork
2206 2 put down a fork
2206 2 is sleeping
2207 1 has taken a fork
2207 1 has taken a fork
2207 1 is eating
2306 3 has taken a fork
2308 5 is thinking
2308 4 put down a fork
2308 4 put down a fork
2308 4 is sleeping
2308 3 has taken a fork
2308 3 is eating
2406 2 is thinking
2408 1 put down a fork
2408 1 put down a fork
2408 1 is sleeping
2408 2 has taken a fork
2409 5 has taken a fork
2409 5 has taken a fork
2409 5 is eating
2508 4 is thinking
2509 3 put down a fork
2510 3 put down a fork
2510 3 is sleeping
2510 4 has taken a fork
2510 2 has taken a fork
2510 2 is eating
2608 1 is thinking
2611 5 put down a fork
2611 5 put down a fork
2611 5 is sleeping
2611 4 has taken a fork
2611 4 is eating
2710 1 has taken a fork
2710 3 is thinking
2711 2 put down a fork
2711 2 put down a fork
2711 2 is sleeping
2711 1 has taken a fork
2711 1 is eating
2811 5 is thinking
2812 3 has taken a fork
2812 4 put down a fork
2812 4 put down a fork
2812 4 is sleeping
2812 3 has taken a fork
2812 3 is eating
2911 2 is thinking
2911 1 put down a fork
2911 1 put down a fork
2912 1 is sleeping
2912 2 has taken a fork
2912 5 has taken a fork
2912 5 has taken a fork
2912 5 is eating
3012 4 is thinking
3012 3 put down a fork
3012 3 put down a fork
3012 3 is sleeping
3012 2 has taken a fork
3012 2 is eating
3013 4 has taken a fork
3112 1 is thinking
3113 5 put down a fork
3113 5 put down a fork
3113 5 is sleeping
3113 4 has taken a fork
3113 4 is eating
3212 1 has taken a fork
3212 3 is thinking
3212 2 put down a fork
3212 2 put down a fork
3212 2 is sleeping
3212 1 has taken a fork
3212 1 is eating
3313 3 has taken a fork
3313 5 is thinking
3313 4 put down a fork
3313 4 put down a fork
3313 4 is sleeping
3313 3 has taken a fork
3313 3 is eating
3412 2 is thinking
3412 1 put down a fork
3412 1 put down a fork
3412 1 is sleeping
3414 5 has taken a fork
3414 5 has taken a fork
3414 5 is eating
