0 2 has taken a fork
1 4 has taken a fork
1 2 has taken a fork
1 4 has taken a fork
1 4 is eating
1 2 is eating
101 5 has taken a fork
202 4 put down a fork
202 4 put down a fork
202 4 is sleeping
202 5 has taken a fork
202 5 is eating
202 2 put down a fork
202 2 put down a fork
202 2 is sleeping
203 3 has taken a fork
203 3 has taken a fork
203 3 is eating
402 2 is thinking
402 4 is thinking
402 2 has taken a fork
403 3 put down a fork
403 3 put down a fork
403 3 is sleeping
403 4 has taken a fork
403 2 has taken a fork
403 2 is eating
404 5 put down a fork
404 5 put down a fork
404 5 is sleeping
404 4 has taken a fork
404 4 is eating
404 1 has taken a fork
603 3 is thinking
603 2 put down a fork
603 2 put down a fork
603 2 is sleeping
603 1 has taken a fork
603 1 is eating
604 5 is thinking
605 4 put down a fork
605 4 put down a fork
605 4 is sleeping
704 3 has taken a fork
704 3 has taken a fork
704 3 is eating
803 2 is thinking
804 1 put down a fork
804 1 put down a fork
804 1 is sleeping
804 2 has taken a fork
804 5 has taken a fork
804 5 has taken a fork
804 5 is eating
805 4 is thinking
904 3 put down a fork
904 2 has taken a fork
904 2 is eating
904 3 put down a fork
904 3 is sleeping
904 4 has taken a fork
1004 1 is thinking
1004 5 put down a fork
1004 5 put down a fork
1004 5 is sleeping
1004 4 has taken a fork
1004 4 is eating
1104 3 is thinking
1104 2 put down a fork
1104 2 put down a fork
1104 2 is sleeping
1105 1 has taken a fork
1105 1 has taken a fork
1105 1 is eating
1204 5 is thinking
1205 4 put down a fork
1205 3 has taken a fork
1205 4 put down a fork
1205 3 has taken a fork
1205 3 is eating
1205 4 is sleeping
1304 2 is thinking
1305 1 put down a fork
1305 5 has taken a fork
1305 5 has taken a fork
1305 5 is eating
1305 1 put down a fork
1305 1 is sleeping
1305 2 has taken a fork
1405 4 is thinking
1405 3 put down a fork
1405 3 put down a fork
1405 3 is sleeping
1405 2 has taken a fork
1405 2 is eating
1406 4 has taken a fork
1505 1 is thinking
1505 5 put down a fork
1505 5 put down a fork
1505 5 is sleeping
1505 4 has taken a fork
1505 4 is eating
1605 3 is thinking
1605 2 put down a fork
1605 2 put down a fork
1605 2 is sleeping
1606 1 has taken a fork
1606 1 has taken a fork
1606 1 is eating
1705 5 is thinking
1706 4 put down a fork
1706 4 put down a fork
1706 4 is sleeping
1706 3 has taken a fork
1706 3 has taken a fork
1706 3 is eating
1805 2 is thinking
1806 1 put down a fork
1806 5 has taken a fork
1806 5 has taken a fork
1806 5 is eating
1806 1 put down a fork
1806 1 is sleeping
1806 2 has taken a fork
1906 4 is thinking
1906 3 put down a fork
1906 3 put down a fork
1906 3 is sleeping
1906 2 has taken a fork
1906 2 is eating
1907 4 has taken a fork
2006 1 is thinking
2006 5 put down a fork
2006 5 put down a fork
2006 5 is sleeping
2006 4 has taken a fork
2006 4 is eating
2106 3 is thinking
2106 2 put down a fork
2106 2 put down a fork
2106 2 is sleeping
2107 1 has taken a fork
2107 1 has taken a fork
2107 1 is eating
2206 5 is thinking
2206 4 put down a fork
2206 4 put down a fork
2206 4 is sleeping
2207 3 has taken a fork
2207 3 has taken a fork
2207 3 is eating
2306 2 is thinking
2308 1 put down a fork
2308 5 has taken a fork
2308 5 has taken a fork
2308 1 put down a fork
2308 5 is eating
2308 1 is sleeping
2308 2 has taken a fork
2406 4 is thinking
2407 2 has taken a fork
2407 2 is eating
2407 3 put down a fork
2407 3 put down a fork
2407 3 is sleeping
2407 4 has taken a fork
2508 1 is thinking
2509 5 put down a fork
2509 5 put down a fork
2509 4 has taken a fork
2509 4 is eating
2509 5 is sleeping
2607 3 is thinking
2607 2 put down a fork
2607 2 put down a fork
2607 2 is sleeping
2608 1 has taken a fork
2608 1 has taken a fork
2608 1 is eating
2708 3 has taken a fork
2709 5 is thinking
2711 4 put down a fork
2711 4 put down a fork
2711 4 is sleeping
2711 3 has taken a fork
2711 3 is eating
2807 2 is thinking
2808 1 put down a fork
2808 1 put down a fork
2808 1 is sleeping
2808 2 has taken a fork
2810 5 has taken a fork
2810 5 has taken a fork
2810 5 is eating
2911 4 is thinking
2912 3 put down a fork
2912 3 put down a fork
2912 3 is sleeping
2912 4 has taken a fork
2912 2 has taken a fork
2912 2 is eating
3008 1 is thinking
3010 5 put down a fork
3010 5 put down a fork
3010 5 is sleeping
3010 4 has taken a fork
3010 4 is eating
3108 1 has taken a fork
3112 3 is thinking
3112 2 put down a fork
3112 1 has taken a fork
3112 1 is eating
3112 2 put down a fork
3112 2 is sleeping
3210 5 is thinking
3210 4 put down a fork
3210 4 put down a fork
3210 4 is sleeping
3213 3 has taken a fork
3213 3 has taken a fork
3213 3 is eating
3312 2 is thinking
3312 1 put down a fork
3312 1 put down a fork
3312 1 is sleeping
3312 5 has taken a fork
3312 5 has taken a fork
3312 5 is eating
3410 4 is thinking
3413 3 put down a fork
3413 3 put down a fork
3413 3 is sleeping
3512 1 is thinking
3512 5 put down a fork
3512 5 put down a fork
3512 5 is sleeping
3612 1 has taken a fork
3612 1 has taken a fork
3612 1 is eating
3613 3 is thinking
