2 4 has taken a fork
3 4 has taken a fork
3 4 is eating
4 2 has taken a fork
4 2 has taken a fork
4 2 is eating
101 1 has taken a fork
203 4 put down a fork
203 4 put down a fork
203 4 is sleeping
204 2 put down a fork
204 2 put down a fork
204 2 is sleeping
204 1 has taken a fork
204 1 is eating
204 3 has taken a fork
204 3 has taken a fork
204 3 is eating
403 4 is thinking
404 2 is thinking
404 3 put down a fork
404 3 put down a fork
404 3 is sleeping
404 4 has taken a fork
404 4 has taken a fork
404 4 is eating
405 1 put down a fork
405 1 put down a fork
405 1 is sleeping
405 2 has taken a fork
405 2 has taken a fork
405 2 is eating
405 5 has taken a fork
604 3 is thinking
604 4 put down a fork
604 4 put down a fork
604 4 is sleeping
605 1 is thinking
605 5 has taken a fork
605 5 is eating
607 2 put down a fork
607 2 put down a fork
607 2 is sleeping
705 3 has taken a fork
705 3 has taken a fork
705 3 is eating
804 4 is thinking
805 5 put down a fork
805 5 put down a fork
805 5 is sleeping
805 1 has taken a fork
805 1 has taken a fork
805 1 is eating
807 2 is thinking
905 3 put down a fork
905 3 put down a fork
905 3 is sleeping
905 4 has taken a fork
905 4 has taken a fork
905 4 is eating
1005 5 is thinking
1006 1 put down a fork
1006 1 put down a fork
1006 1 is sleeping
1006 2 has taken a fork
1006 2 has taken a fork
1006 2 is eating
1105 3 is thinking
1105 5 has taken a fork
1106 4 put down a fork
1106 4 put down a fork
1106 4 is sleeping
1106 5 has taken a fork
1106 5 is eating
1206 1 is thinking
1206 2 put down a fork
1206 2 put down a fork
1206 2 is sleeping
1206 3 has taken a fork
1206 3 has taken a fork
1206 3 is eating
1306 4 is thinking
1306 5 put down a fork
1306 5 put down a fork
1306 5 is sleeping
1307 1 has taken a fork
1307 1 has taken a fork
1307 1 is eating
1406 2 is thinking
1406 3 put down a fork
1406 3 put down a fork
1406 3 is sleeping
1406 4 has taken a fork
1406 4 has taken a fork
1406 4 is eating
1506 5 is thinking
1507 1 put down a fork
1507 1 put down a fork
1507 1 is sleeping
1507 2 has taken a fork
1507 2 has taken a fork
1507 2 is eating
1606 5 has taken a fork
1606 3 is thinking
1607 4 put down a fork
1607 5 has taken a fork
1607 4 put down a fork
1607 5 is eating
1607 4 is sleeping
1707 1 is thinking
1707 2 put down a fork
1707 2 put down a fork
1707 2 is sleeping
1707 3 has taken a fork
1707 3 has taken a fork
1707 3 is eating
1807 4 is thinking
1807 5 put down a fork
1807 5 put down a fork
1807 5 is sleeping
1808 1 has taken a fork
1808 1 has taken a fork
1808 1 is eating
1907 2 is thinking
1908 3 put down a fork
1908 3 put down a fork
1908 3 is sleeping
1908 4 has taken a fork
1908 4 has taken a fork
1908 4 is eating
2007 5 is thinking
2008 1 put down a fork
2008 1 put down a fork
2008 1 is sleeping
2008 2 has taken a fork
2008 2 has taken a fork
2008 2 is eating
2107 5 has taken a fork
2108 3 is thinking
2108 4 put down a fork
2108 4 put down a fork
2108 4 is sleeping
2108 5 has taken a fork
2108 5 is eating
2208 1 is thinking
2208 2 put down a fork
2208 2 put down a fork
2208 2 is sleeping
2209 3 has taken a fork
2209 3 has taken a fork
2209 3 is eating
2308 4 is thinking
2309 5 put down a fork
2309 5 put down a fork
2309 5 is sleeping
2309 1 has taken a fork
2309 1 has taken a fork
2309 1 is eating
2408 2 is thinking
2409 3 put down a fork
2409 3 put down a fork
2409 3 is sleeping
2409 4 has taken a fork
2409 4 has taken a fork
2409 4 is eating
2509 5 is thinking
2509 1 put down a fork
2509 1 put down a fork
2509 1 is sleeping
2509 2 has taken a fork
2509 2 has taken a fork
2509 2 is eating
2609 3 is thinking
2610 5 has taken a fork
2610 4 put down a fork
2610 5 has taken a fork
2610 4 put down a fork
2610 4 is sleeping
2610 5 is eating
2709 1 is thinking
2709 2 put down a fork
2709 2 put down a fork
2709 2 is sleeping
2709 3 has taken a fork
2709 3 has taken a fork
2709 3 is eating
2810 4 is thinking
2810 5 put down a fork
2810 5 put down a fork
2810 5 is sleeping
2810 1 has taken a fork
2810 1 has taken a fork
2810 1 is eating
2909 2 is thinking
2910 3 put down a fork
2910 3 put down a fork
2910 3 is sleeping
2910 4 has taken a fork
2910 4 has taken a fork
2910 4 is eating
3010 5 is thinking
3010 1 put down a fork
3010 1 put down a fork
3010 1 is sleeping
3010 2 has taken a fork
3010 2 has taken a fork
3010 2 is eating
3110 3 is thinking
3111 5 has taken a fork
3111 4 put down a fork
3111 4 put down a fork
3111 4 is sleeping
3111 5 has taken a fork
3111 5 is eating
3210 1 is thinking
3210 2 put down a fork
3210 2 put down a fork
3210 2 is sleeping
3210 3 has taken a fork
3210 3 has taken a fork
3210 3 is eating
3311 4 is thinking
3311 5 put down a fork
3311 5 put down a fork
3311 5 is sleeping
3311 1 has taken a fork
3311 1 has taken a fork
3311 1 is eating
3410 2 is thinking
3410 3 put down a fork
3410 3 put down a fork
3410 3 is sleeping
3511 5 is thinking
3512 1 put down a fork
3512 1 put down a fork
3512 1 is sleeping
3610 3 is thinking
3611 5 has taken a fork
3611 5 has taken a fork
3611 5 is eating
