0 2 has taken a fork
1 2 has taken a fork
1 2 is eating
1 4 has taken a fork
1 4 has taken a fork
1 4 is eating
102 1 has taken a fork
201 4 put down a fork
201 4 put down a fork
201 4 is sleeping
201 2 put down a fork
201 3 has taken a fork
201 3 has taken a fork
201 3 is eating
202 2 put down a fork
202 2 is sleeping
202 1 has taken a fork
202 1 is eating
401 4 is thinking
402 2 is thinking
403 3 put down a fork
403 3 put down a fork
403 3 is sleeping
405 4 has taken a fork
405 4 has taken a fork
405 4 is eating
406 1 put down a fork
406 1 put down a fork
406 1 is sleeping
406 5 has taken a fork
409 2 has taken a fork
409 2 has taken a fork
409 2 is eating
603 3 is thinking
606 1 is thinking
606 4 put down a fork
606 4 put down a fork
606 4 is sleeping
606 5 has taken a fork
606 5 is eating
611 2 put down a fork
611 2 put down a fork
611 2 is sleeping
703 3 has taken a fork
703 3 has taken a fork
703 3 is eating
806 4 is thinking
807 5 put down a fork
807 5 put down a fork
807 5 is sleeping
807 1 has taken a fork
807 1 has taken a fork
807 1 is eating
811 2 is thinking
903 3 put down a fork
903 4 has taken a fork
903 4 has taken a fork
903 4 is eating
903 3 put down a fork
903 3 is sleeping
1007 5 is thinking
1008 1 put down a fork
1008 1 put down a fork
1008 1 is sleeping
1008 2 has taken a fork
1008 2 has taken a fork
1008 2 is eating
1103 3 is thinking
1103 4 put down a fork
1103 4 put down a fork
1103 4 is sleeping
1107 5 has taken a fork
1107 5 has taken a fork
1107 5 is eating
1208 1 is thinking
1209 2 put down a fork
1209 2 put down a fork
1209 2 is sleeping
1209 3 has taken a fork
1209 3 has taken a fork
1209 3 is eating
1303 4 is thinking
1308 5 put down a fork
1308 5 put down a fork
1308 5 is sleeping
1309 1 has taken a fork
1309 1 has taken a fork
1309 1 is eating
1409 2 is thinking
1409 3 put down a fork
1410 3 put down a fork
1410 3 is sleeping
1410 4 has taken a fork
1410 4 has taken a fork
1410 4 is eating
1508 5 is thinking
1509 1 put down a fork
1509 1 put down a fork
1509 1 is sleeping
1509 2 has taken a fork
1509 2 has taken a fork
1509 2 is eating
1608 5 has taken a fork
1610 3 is thinking
1610 4 put down a fork
1610 4 put down a fork
1610 4 is sleeping
1610 5 has taken a fork
1610 5 is eating
1709 1 is thinking
1710 2 put down a fork
1710 2 put down a fork
1710 2 is sleeping
1711 3 has taken a fork
1711 3 has taken a fork
1711 3 is eating
1810 4 is thinking
1811 5 put down a fork
1811 5 put down a fork
1811 5 is sleeping
1811 1 has taken a fork
1811 1 has taken a fork
1811 1 is eating
1910 2 is thinking
1911 3 put down a fork
1911 3 put down a fork
1911 3 is sleeping
1912 4 has taken a fork
1912 4 has taken a fork
1912 4 is eating
2011 5 is thinking
2011 1 put down a fork
2011 1 put down a fork
2011 1 is sleeping
2011 2 has taken a fork
2011 2 has taken a fork
2011 2 is eating
2111 3 is thinking
2112 5 has taken a fork
2112 4 put down a fork
2112 4 put down a fork
2112 4 is sleeping
2112 5 has taken a fork
2112 5 is eating
2211 1 is thinking
2212 2 put down a fork
2212 2 put down a fork
2212 2 is sleeping
2212 3 has taken a fork
2212 3 has taken a fork
2212 3 is eating
2312 4 is thinking
2313 5 put down a fork
2313 5 put down a fork
2313 5 is sleeping
2313 1 has taken a fork
2313 1 has taken a fork
2313 1 is eating
2412 2 is thinking
2415 3 put down a fork
2415 3 put down a fork
2415 3 is sleeping
2415 4 has taken a fork
2415 4 has taken a fork
2415 4 is eating
2513 5 is thinking
2514 1 put down a fork
2514 1 put down a fork
2514 1 is sleeping
2514 2 has taken a fork
2514 2 has taken a fork
2514 2 is eating
2613 5 has taken a fork
2615 3 is thinking
2615 4 put down a fork
2615 4 put down a fork
2615 4 is sleeping
2615 5 has taken a fork
2615 5 is eating
2714 1 is thinking
2714 2 put down a fork
2714 2 put down a fork
2714 2 is sleeping
2716 3 has taken a fork
2716 3 has taken a fork
2716 3 is eating
2815 4 is thinking
2816 5 put down a fork
2816 5 put down a fork
2816 5 is sleeping
2816 1 has taken a fork
2816 1 has taken a fork
2816 1 is eating
2914 2 is thinking
2916 3 put down a fork
2916 3 put down a fork
2917 3 is sleeping
2917 4 has taken a fork
2917 4 has taken a fork
2917 4 is eating
3016 5 is thinking
3017 1 put down a fork
3017 1 put down a fork
3017 1 is sleeping
3017 2 has taken a fork
3017 2 has taken a fork
3017 2 is eating
3116 5 has taken a fork
3117 3 is thinking
3117 4 put down a fork
3117 4 put down a fork
3117 4 is sleeping
3117 5 has taken a fork
3117 5 is eating
3217 1 is thinking
3217 2 put down a fork
3217 2 put down a fork
3217 2 is sleeping
3217 3 has taken a fork
3217 3 has taken a fork
3217 3 is eating
3317 4 is thinking
3317 5 put down a fork
3317 5 put down a fork
3317 5 is sleeping
3318 1 has taken a fork
3318 1 has taken a fork
3318 1 is eating
3417 2 is thinking
3417 3 put down a fork
3417 3 put down a fork
3417 3 is sleeping
3517 5 is thinking
3518 1 put down a fork
3518 1 put down a fork
3518 1 is sleeping
3617 5 has taken a fork
3617 5 has taken a fork
3617 5 is eating
3617 3 is thinking
