2 4 has taken a fork
3 4 has taken a fork
3 4 is eating
3 2 has taken a fork
3 2 has taken a fork
3 2 is eating
101 1 has taken a fork
203 2 put down a fork
203 2 put down a fork
203 2 is sleeping
204 3 has taken a fork
204 1 has taken a fork
204 1 is eating
204 4 put down a fork
204 4 put down a fork
204 4 is sleeping
204 3 has taken a fork
204 3 is eating
403 2 is thinking
404 4 is thinking
405 1 put down a fork
405 5 has taken a fork
405 5 has taken a fork
405 5 is eating
405 1 put down a fork
405 1 is sleeping
405 2 has taken a fork
405 2 has taken a fork
405 2 is eating
405 3 put down a fork
405 3 put down a fork
405 3 is sleeping
405 4 has taken a fork
605 3 is thinking
605 1 is thinking
605 2 put down a fork
605 2 put down a fork
605 2 is sleeping
605 5 put down a fork
605 5 put down a fork
605 5 is sleeping
605 4 has taken a fork
605 4 is eating
706 3 has taken a fork
706 1 has taken a fork
706 1 has taken a fork
706 1 is eating
805 5 is thinking
805 2 is thinking
805 4 put down a fork
805 4 put down a fork
805 4 is sleeping
806 3 has taken a fork
806 3 is eating
906 1 put down a fork
906 5 has taken a fork
906 5 has taken a fork
906 5 is eating
906 1 put down a fork
906 1 is sleeping
906 2 has taken a fork
1005 4 is thinking
1006 3 put down a fork
1006 3 put down a fork
1006 3 is sleeping
1006 4 has taken a fork
1006 2 has taken a fork
1006 2 is eating
1106 1 is thinking
1106 5 put down a fork
1106 5 put down a fork
1106 5 is sleeping
1106 4 has taken a fork
1106 4 is eating
1206 3 is thinking
1206 2 put down a fork
1206 2 put down a fork
1206 2 is sleeping
1207 1 has taken a fork
1207 1 has taken a fork
1207 1 is eating
1306 5 is thinking
1306 4 put down a fork
1306 4 put down a fork
1306 4 is sleeping
1307 3 has taken a fork
1307 3 has taken a fork
1307 3 is eating
1406 2 is thinking
1407 1 put down a fork
1407 5 has taken a fork
1407 5 has taken a fork
1407 5 is eating
1407 1 put down a fork
1407 1 is sleeping
1407 2 has taken a fork
1506 4 is thinking
1507 3 put down a fork
1507 3 put down a fork
1507 3 is sleeping
1507 2 has taken a fork
1507 2 is eating
1507 4 has taken a fork
1607 1 is thinking
1608 4 has taken a fork
1608 4 is eating
1608 5 put down a fork
1608 5 put down a fork
1608 5 is sleeping
1707 3 is thinking
1707 1 has taken a fork
1707 2 put down a fork
1707 2 put down a fork
1707 2 is sleeping
1707 1 has taken a fork
1707 1 is eating
1808 5 is thinking
1808 3 has taken a fork
1808 4 put down a fork
1808 4 put down a fork
1808 4 is sleeping
1808 3 has taken a fork
1808 3 is eating
1907 2 is thinking
1908 1 put down a fork
1908 1 put down a fork
1908 1 is sleeping
1908 2 has taken a fork
1909 5 has taken a fork
1909 5 has taken a fork
1909 5 is eating
2008 4 is thinking
2008 3 put down a fork
2008 3 put down a fork
2008 3 is sleeping
2008 2 has taken a fork
2008 2 is eating
2009 4 has taken a fork
2108 1 is thinking
2109 5 put down a fork
2109 5 put down a fork
2109 5 is sleeping
2109 4 has taken a fork
2109 4 is eating
2208 3 is thinking
2208 1 has taken a fork
2208 2 put down a fork
2208 2 put down a fork
2208 2 is sleeping
2208 1 has taken a fork
2208 1 is eating
2308 3 has taken a fork
2309 5 is thinking
2310 4 put down a fork
2310 4 put down a fork
2310 4 is sleeping
2310 3 has taken a fork
2310 3 is eating
2408 2 is thinking
2409 1 put down a fork
2409 5 has taken a fork
2409 5 has taken a fork
2409 5 is eating
2409 2 has taken a fork
2409 1 put down a fork
2409 1 is sleeping
2510 4 is thinking
2511 3 put down a fork
2511 3 put down a fork
2511 3 is sleeping
2511 2 has taken a fork
2511 2 is eating
2511 4 has taken a fork
2609 1 is thinking
2610 5 put down a fork
2610 5 put down a fork
2610 5 is sleeping
2610 4 has taken a fork
2610 4 is eating
2709 1 has taken a fork
2711 3 is thinking
2712 2 put down a fork
2712 2 put down a fork
2712 2 is sleeping
2712 1 has taken a fork
2712 1 is eating
2810 5 is thinking
2811 3 has taken a fork
2811 4 put down a fork
2811 4 put down a fork
2811 4 is sleeping
2811 3 has taken a fork
2811 3 is eating
2912 2 is thinking
2912 1 put down a fork
2912 1 put down a fork
2913 1 is sleeping
2913 5 has taken a fork
2913 5 has taken a fork
2913 5 is eating
2913 2 has taken a fork
3011 4 is thinking
3012 3 put down a fork
3012 3 put down a fork
3012 3 is sleeping
3012 4 has taken a fork
3012 2 has taken a fork
3012 2 is eating
3113 1 is thinking
3114 5 put down a fork
3114 5 put down a fork
3114 5 is sleeping
3114 4 has taken a fork
3114 4 is eating
3212 3 is thinking
3212 2 put down a fork
3212 2 put down a fork
3212 2 is sleeping
3213 1 has taken a fork
3213 1 has taken a fork
3213 1 is eating
3313 3 has taken a fork
3314 5 is thinking
3315 4 put down a fork
3316 3 has taken a fork
3316 4 put down a fork
3316 4 is sleeping
3316 3 is eating
3412 2 is thinking
3414 1 put down a fork
3415 1 put down a fork
3415 1 is sleeping
3415 5 has taken a fork
3415 5 has taken a fork
3415 5 is eating
