0 2 has taken a fork
0 2 has taken a fork
0 2 is eating
0 4 has taken a fork
0 4 has taken a fork
0 4 is eating
100 1 has taken a fork
200 2 put down a fork
200 2 put down a fork
200 2 is sleeping
200 4 put down a fork
200 4 put down a fork
200 4 is sleeping
200 3 has taken a fork
200 3 has taken a fork
200 3 is eating
200 1 has taken a fork
200 1 is eating
400 1 put down a fork
400 1 put down a fork
400 1 is sleeping
400 5 has taken a fork
400 5 has taken a fork
400 5 is eating
400 4 is thinking
400 3 put down a fork
400 3 put down a fork
400 3 is sleeping
400 4 has taken a fork
400 2 is thinking
400 2 has taken a fork
400 2 has taken a fork
400 2 is eating
600 1 is thinking
600 3 is thinking
600 5 put down a fork
600 5 put down a fork
600 5 is sleeping
600 2 put down a fork
600 2 put down a fork
600 2 is sleeping
600 4 has taken a fork
600 4 is eating
700 3 has taken a fork
700 1 has taken a fork
700 1 has taken a fork
700 1 is eating
800 2 is thinking
800 4 put down a fork
800 4 put down a fork
800 4 is sleeping
800 3 has taken a fork
800 3 is eating
800 5 is thinking
900 1 put down a fork
900 5 has taken a fork
900 5 has taken a fork
900 5 is eating
900 1 put down a fork
900 1 is sleeping
900 2 has taken a fork
1000 3 put down a fork
1000 3 put down a fork
1000 3 is sleeping
1000 2 has taken a fork
1000 2 is eating
1000 4 is thinking
1000 4 has taken a fork
1100 1 is thinking
1100 5 put down a fork
1100 5 put down a fork
1100 5 is sleeping
1100 4 has taken a fork
1100 4 is eating
1200 1 has taken a fork
1200 3 is thinking
1200 2 put down a fork
1200 2 put down a fork
1200 2 is sleeping
1200 1 has taken a fork
1200 1 is eating
1300 3 has taken a fork
1300 5 is thinking
1300 4 put down a fork
1300 4 put down a fork
1300 4 is sleeping
1300 3 has taken a fork
1300 3 is eating
1400 1 put down a fork
1400 1 put down a fork
1400 1 is sleeping
1400 5 has taken a fork
1400 5 has taken a fork
1400 5 is eating
1400 2 is thinking
1400 2 has taken a fork
1500 3 put down a fork
1500 3 put down a fork
1500 3 is sleeping
1500 2 has taken a fork
1500 2 is eating
1500 4 is thinking
1500 4 has taken a fork
1600 1 is thinking
1600 5 put down a fork
1600 5 put down a fork
1600 5 is sleeping
1600 4 has taken a fork
1600 4 is eating
1700 3 is thinking
1700 2 put down a fork
1700 2 put down a fork
1700 2 is sleeping
1700 1 has taken a fork
1700 1 has taken a fork
1700 1 is eating
1800 4 put down a fork
1800 4 put down a fork
1800 4 is sleeping
1800 3 has taken a fork
1800 3 has taken a fork
1800 3 is eating
1800 5 is thinking
1900 1 put down a fork
1900 1 put down a fork
1900 1 is sleeping
1900 5 has taken a fork
1900 5 has taken a fork
1900 5 is eating
1900 2 is thinking
1900 2 has taken a fork
2000 4 is thinking
2000 3 put down a fork
2000 3 put down a fork
2000 3 is sleeping
2000 4 has taken a fork
2000 2 has taken a fork
2000 2 is eating
2100 1 is thinking
2100 5 put down a fork
2100 5 put down a fork
2100 5 is sleeping
2100 4 has taken a fork
2100 4 is eating
2200 2 put down a fork
2200 2 put down a fork
2200 2 is sleeping
2200 3 is thinking
2200 1 has taken a fork
2200 1 has taken a fork
2200 1 is eating
2300 5 is thinking
2300 3 has taken a fork
2300 4 put down a fork
2300 4 put down a fork
2300 4 is sleeping
2300 3 has taken a fork
2300 3 is eating
2400 2 is thinking
2400 1 put down a fork
2400 1 put down a fork
2400 1 is sleeping
2400 5 has taken a fork
2400 5 has taken a fork
2400 5 is eating
2400 2 has taken a fork
2500 4 is thinking
2500 3 put down a fork
2500 2 has taken a fork
2500 2 is eating
2500 3 put down a fork
2500 3 is sleeping
2500 4 has taken a fork
2600 1 is thinking
2600 5 put down a fork
2600 5 put down a fork
2600 5 is sleeping
2600 4 has taken a fork
2600 4 is eating
2700 2 put down a fork
2700 2 put down a fork
2700 2 is sleeping
2700 3 is thinking
2700 1 has taken a fork
2700 1 has taken a fork
2700 1 is eating
2800 4 put down a fork
2800 4 put down a fork
2800 4 is sleeping
2800 3 has taken a fork
2800 3 has taken a fork
2800 3 is eating
2800 5 is thinking
2900 1 put down a fork
2900 1 put down a fork
2900 1 is sleeping
2900 5 has taken a fork
2900 5 has taken a fork
2900 5 is eating
2900 2 is thinking
2900 2 has taken a fork
3000 4 is thinking
3000 3 put down a fork
3000 3 put down a fork
3000 3 is sleeping
3000 4 has taken a fork
3000 2 has taken a fork
3000 2 is eating
3100 5 put down a fork
3100 5 put down a fork
3100 5 is sleeping
3100 4 has taken a fork
3100 4 is eating
3100 1 is thinking
3200 3 is thinking
3200 2 put down a fork
3200 2 put down a fork
3200 2 is sleeping
3200 1 has taken a fork
3200 1 has taken a fork
3200 1 is eating
3300 3 has taken a fork
3300 5 is thinking
3300 4 put down a fork
3300 4 put down a fork
3300 4 is sleeping
3300 3 has taken a fork
3300 3 is eating
3400 2 is thinking
3400 1 put down a fork
3400 1 put down a fork
3400 1 is sleeping
3400 5 has taken a fork
3400 5 has taken a fork
3400 5 is eating
