3 4 has taken a fork
3 4 has taken a fork
3 4 is eating
5 2 has taken a fork
5 2 has taken a fork
5 2 is eating
101 5 has taken a fork
203 4 put down a fork
203 4 put down a fork
203 4 is sleeping
203 5 has taken a fork
203 5 is eating
205 2 put down a fork
205 2 put down a fork
205 2 is sleeping
205 3 has taken a fork
205 3 has taken a fork
205 3 is eating
403 4 is thinking
405 2 is thinking
406 5 put down a fork
406 5 put down a fork
406 5 is sleeping
406 1 has taken a fork
406 1 has taken a fork
406 1 is eating
419 3 put down a fork
419 3 put down a fork
419 3 is sleeping
419 4 has taken a fork
419 4 has taken a fork
419 4 is eating
606 5 is thinking
607 1 put down a fork
607 1 put down a fork
607 1 is sleeping
607 2 has taken a fork
607 2 has taken a fork
607 2 is eating
619 3 is thinking
620 4 put down a fork
620 4 put down a fork
620 4 is sleeping
706 5 has taken a fork
706 5 has taken a fork
706 5 is eating
807 1 is thinking
807 2 put down a fork
807 2 put down a fork
807 2 is sleeping
808 3 has taken a fork
808 3 has taken a fork
808 3 is eating
820 4 is thinking
906 5 put down a fork
906 5 put down a fork
906 5 is sleeping
909 1 has taken a fork
909 1 has taken a fork
909 1 is eating
1007 2 is thinking
1008 3 put down a fork
1008 3 put down a fork
1008 3 is sleeping
1008 4 has taken a fork
1008 4 has taken a fork
1008 4 is eating
1106 5 is thinking
1109 1 put down a fork
1109 1 put down a fork
1109 1 is sleeping
1109 2 has taken a fork
1109 2 has taken a fork
1109 2 is eating
1206 5 has taken a fork
1208 3 is thinking
1209 4 put down a fork
1209 4 put down a fork
1209 4 is sleeping
1209 5 has taken a fork
1209 5 is eating
1309 1 is thinking
1310 2 put down a fork
1310 2 put down a fork
1310 2 is sleeping
1310 3 has taken a fork
1310 3 has taken a fork
1310 3 is eating
1409 4 is thinking
1409 5 put down a fork
1409 5 put down a fork
1409 5 is sleeping
1410 1 has taken a fork
1410 1 has taken a fork
1410 1 is eating
1510 2 is thinking
1511 3 put down a fork
1511 3 put down a fork
1511 3 is sleeping
1512 4 has taken a fork
1512 4 has taken a fork
1512 4 is eating
1609 5 is thinking
1611 1 put down a fork
1611 1 put down a fork
1611 1 is sleeping
1611 2 has taken a fork
1611 2 has taken a fork
1611 2 is eating
1710 5 has taken a fork
1711 3 is thinking
1713 4 put down a fork
1713 4 put down a fork
1713 4 is sleeping
1713 5 has taken a fork
1713 5 is eating
1811 1 is thinking
1812 2 put down a fork
1812 2 put down a fork
1812 2 is sleeping
1812 3 has taken a fork
1812 3 has taken a fork
1812 3 is eating
1913 4 is thinking
1913 5 put down a fork
1913 5 put down a fork
1913 5 is sleeping
1913 1 has taken a fork
1913 1 has taken a fork
1913 1 is eating
2012 2 is thinking
2013 3 put down a fork
2013 3 put down a fork
2013 3 is sleeping
2013 4 has taken a fork
2013 4 has taken a fork
2013 4 is eating
2113 5 is thinking
2113 1 put down a fork
2114 1 put down a fork
2114 1 is sleeping
2114 2 has taken a fork
2114 2 has taken a fork
2114 2 is eating
2213 3 is thinking
2214 5 has taken a fork
2214 4 put down a fork
2214 4 put down a fork
2214 4 is sleeping
2214 5 has taken a fork
2214 5 is eating
2314 1 is thinking
2315 2 put down a fork
2315 2 put down a fork
2315 2 is sleeping
2315 3 has taken a fork
2315 3 has taken a fork
2315 3 is eating
2414 4 is thinking
2414 5 put down a fork
2414 5 put down a fork
2414 5 is sleeping
2415 1 has taken a fork
2415 1 has taken a fork
2415 1 is eating
2515 2 is thinking
2515 3 put down a fork
2515 3 put down a fork
2515 3 is sleeping
2515 4 has taken a fork
2515 4 has taken a fork
2515 4 is eating
2614 5 is thinking
2624 1 put down a fork
2624 1 put down a fork
2624 1 is sleeping
2624 2 has taken a fork
2624 2 has taken a fork
2624 2 is eating
2715 3 is thinking
2717 4 put down a fork
2717 4 put down a fork
2717 4 is sleeping
2719 5 has taken a fork
2719 5 has taken a fork
2719 5 is eating
2824 1 is thinking
2824 2 put down a fork
2824 2 put down a fork
2824 2 is sleeping
2824 3 has taken a fork
2824 3 has taken a fork
2824 3 is eating
2917 4 is thinking
2919 5 put down a fork
2919 5 put down a fork
2919 5 is sleeping
2924 1 has taken a fork
2924 1 has taken a fork
2924 1 is eating
3024 2 is thinking
3024 3 put down a fork
3024 3 put down a fork
3024 3 is sleeping
3024 4 has taken a fork
3024 4 has taken a fork
3024 4 is eating
3119 5 is thinking
3124 1 put down a fork
3124 1 put down a fork
3124 1 is sleeping
3124 2 has taken a fork
3124 2 has taken a fork
3124 2 is eating
3219 5 has taken a fork
3224 3 is thinking
3224 4 put down a fork
3224 4 put down a fork
3224 4 is sleeping
3224 5 has taken a fork
3224 5 is eating
3324 1 is thinking
3325 2 put down a fork
3325 2 put down a fork
3325 2 is sleeping
3325 3 has taken a fork
3325 3 has taken a fork
3325 3 is eating
3424 4 is thinking
3424 5 put down a fork
3425 5 put down a fork
3425 5 is sleeping
3425 1 has taken a fork
3425 1 has taken a fork
3425 1 is eating
