26 4 has taken a fork
27 4 has taken a fork
27 4 is eating
27 2 has taken a fork
27 2 has taken a fork
27 2 is eating
128 1 has taken a fork
227 4 put down a fork
227 4 put down a fork
227 4 is sleeping
228 2 put down a fork
228 3 has taken a fork
228 3 has taken a fork
228 3 is eating
228 2 put down a fork
228 2 is sleeping
228 1 has taken a fork
228 1 is eating
427 4 is thinking
428 2 is thinking
428 1 put down a fork
428 1 put down a fork
428 1 is sleeping
428 5 has taken a fork
428 5 has taken a fork
428 5 is eating
429 2 has taken a fork
430 3 put down a fork
430 2 has taken a fork
430 2 is eating
430 3 put down a fork
430 3 is sleeping
430 4 has taken a fork
628 1 is thinking
629 5 put down a fork
629 4 has taken a fork
629 4 is eating
630 5 put down a fork
630 5 is sleeping
630 3 is thinking
631 2 put down a fork
631 2 put down a fork
631 2 is sleeping
729 1 has taken a fork
729 1 has taken a fork
729 1 is eating
731 3 has taken a fork
829 4 put down a fork
829 4 put down a fork
829 4 is sleeping
829 3 has taken a fork
829 3 is eating
830 5 is thinking
831 2 is thinking
929 1 put down a fork
929 1 put down a fork
929 1 is sleeping
929 2 has taken a fork
930 5 has taken a fork
930 5 has taken a fork
930 5 is eating
1029 4 is thinking
1029 2 has taken a fork
1029 2 is eating
1029 3 put down a fork
1029 3 put down a fork
1029 3 is sleeping
1030 4 has taken a fork
1129 1 is thinking
1130 5 put down a fork
1130 5 put down a fork
1130 5 is sleeping
1130 4 has taken a fork
1130 4 is eating
1229 1 has taken a fork
1229 3 is thinking
1229 2 put down a fork
1229 2 put down a fork
1229 2 is sleeping
1230 1 has taken a fork
1230 1 is eating
1330 5 is thinking
1330 3 has taken a fork
1331 4 put down a fork
1331 4 put down a fork
1331 3 has taken a fork
1331 4 is sleeping
1331 3 is eating
1429 2 is thinking
1430 1 put down a fork
1430 5 has taken a fork
1430 5 has taken a fork
1430 5 is eating
1430 1 put down a fork
1430 1 is sleeping
1430 2 has taken a fork
1531 4 is thinking
1532 3 put down a fork
1532 2 has taken a fork
1532 2 is eating
1532 3 put down a fork
1532 3 is sleeping
1532 4 has taken a fork
1630 1 is thinking
1630 5 put down a fork
1630 5 put down a fork
1630 5 is sleeping
1630 4 has taken a fork
1630 4 is eating
1731 1 has taken a fork
1732 3 is thinking
1732 2 put down a fork
1732 2 put down a fork
1732 2 is sleeping
1732 1 has taken a fork
1732 1 is eating
1830 5 is thinking
1830 4 put down a fork
1830 4 put down a fork
1830 4 is sleeping
1832 3 has taken a fork
1832 3 has taken a fork
1832 3 is eating
1932 2 is thinking
1935 1 put down a fork
1935 5 has taken a fork
1935 1 put down a fork
1935 5 has taken a fork
1935 1 is sleeping
1935 5 is eating
1935 2 has taken a fork
2030 4 is thinking
2032 3 put down a fork
2032 3 put down a fork
2032 3 is sleeping
2032 2 has taken a fork
2032 2 is eating
2032 4 has taken a fork
2135 1 is thinking
2135 5 put down a fork
2135 5 put down a fork
2135 5 is sleeping
2135 4 has taken a fork
2135 4 is eating
2232 3 is thinking
2233 2 put down a fork
2233 2 put down a fork
2233 2 is sleeping
2236 1 has taken a fork
2236 1 has taken a fork
2236 1 is eating
2332 3 has taken a fork
2335 5 is thinking
2336 4 put down a fork
2336 4 put down a fork
2336 4 is sleeping
2336 3 has taken a fork
2336 3 is eating
2433 2 is thinking
2436 1 put down a fork
2436 1 put down a fork
2436 1 is sleeping
2436 5 has taken a fork
2436 5 has taken a fork
2436 5 is eating
2436 2 has taken a fork
2536 4 is thinking
2537 3 put down a fork
2537 3 put down a fork
2537 3 is sleeping
2537 2 has taken a fork
2537 2 is eating
2537 4 has taken a fork
2636 1 is thinking
2636 5 put down a fork
2636 5 put down a fork
2636 5 is sleeping
2636 4 has taken a fork
2636 4 is eating
2737 3 is thinking
2737 1 has taken a fork
2738 2 put down a fork
2738 2 put down a fork
2738 2 is sleeping
2738 1 has taken a fork
2738 1 is eating
2836 5 is thinking
2837 3 has taken a fork
2839 4 put down a fork
2839 4 put down a fork
2839 4 is sleeping
2839 3 has taken a fork
2839 3 is eating
2938 2 is thinking
2938 1 put down a fork
2938 1 put down a fork
2938 1 is sleeping
2938 2 has taken a fork
2938 5 has taken a fork
2938 5 has taken a fork
2938 5 is eating
3039 4 is thinking
3039 3 put down a fork
3039 3 put down a fork
3039 3 is sleeping
3039 2 has taken a fork
3039 2 is eating
3040 4 has taken a fork
3138 1 is thinking
3139 5 put down a fork
3139 5 put down a fork
3139 5 is sleeping
3139 4 has taken a fork
3139 4 is eating
3238 1 has taken a fork
3239 3 is thinking
3240 2 put down a fork
3240 2 put down a fork
3240 2 is sleeping
3240 1 has taken a fork
3240 1 is eating
3339 3 has taken a fork
3339 5 is thinking
3339 4 put down a fork
3340 4 put down a fork
3340 4 is sleeping
3340 3 has taken a fork
3340 3 is eating
3440 2 is thinking
3441 1 put down a fork
3441 1 put down a fork
3441 1 is sleeping
3441 5 has taken a fork
3441 5 has taken a fork
3441 5 is eating
