0 2 has taken a fork
1 2 has taken a fork
1 2 is eating
3 4 has taken a fork
3 4 has taken a fork
3 4 is eating
102 1 has taken a fork
201 2 put down a fork
201 3 has taken a fork
201 2 put down a fork
201 2 is sleeping
201 1 has taken a fork
201 1 is eating
203 4 put down a fork
203 4 put down a fork
203 4 is sleeping
203 3 has taken a fork
203 3 is eating
401 2 is thinking
401 1 put down a fork
401 1 put down a fork
401 1 is sleeping
401 5 has taken a fork
401 5 has taken a fork
401 5 is eating
402 2 has taken a fork
403 4 is thinking
403 3 put down a fork
403 3 put down a fork
403 3 is sleeping
403 2 has taken a fork
403 2 is eating
403 4 has taken a fork
601 1 is thinking
601 5 put down a fork
601 5 put down a fork
601 5 is sleeping
601 4 has taken a fork
601 4 is eating
603 3 is thinking
604 2 put down a fork
604 2 put down a fork
604 2 is sleeping
702 1 has taken a fork
702 1 has taken a fork
702 1 is eating
704 3 has taken a fork
801 5 is thinking
802 4 put down a fork
802 4 put down a fork
802 4 is sleeping
802 3 has taken a fork
802 3 is eating
804 2 is thinking
902 1 put down a fork
902 1 put down a fork
902 1 is sleeping
903 5 has taken a fork
903 5 has taken a fork
903 5 is eating
903 2 has taken a fork
1002 4 is thinking
1003 3 put down a fork
1003 2 has taken a fork
1003 2 is eating
1003 3 put down a fork
1003 3 is sleeping
1003 4 has taken a fork
1102 1 is thinking
1103 5 put down a fork
1103 5 put down a fork
1103 5 is sleeping
1103 4 has taken a fork
1103 4 is eating
1202 1 has taken a fork
1203 3 is thinking
1203 2 put down a fork
1204 2 put down a fork
1204 2 is sleeping
1204 1 has taken a fork
1204 1 is eating
1303 5 is thinking
1303 4 put down a fork
1303 4 put down a fork
1303 4 is sleeping
1304 3 has taken a fork
1304 3 has taken a fork
1304 3 is eating
1404 2 is thinking
1404 1 put down a fork
1404 1 put down a fork
1404 1 is sleeping
1405 5 has taken a fork
1405 5 has taken a fork
1405 5 is eating
1405 2 has taken a fork
1503 4 is thinking
1504 3 put down a fork
1504 3 put down a fork
1504 3 is sleeping
1504 2 has taken a fork
1504 2 is eating
1504 4 has taken a fork
1605 1 is thinking
1605 5 put down a fork
1605 4 has taken a fork
1605 4 is eating
1605 5 put down a fork
1605 5 is sleeping
1704 3 is thinking
1704 2 put down a fork
1704 2 put down a fork
1704 2 is sleeping
1706 1 has taken a fork
1706 1 has taken a fork
1706 1 is eating
1804 3 has taken a fork
1805 5 is thinking
1805 4 put down a fork
1805 4 put down a fork
1805 4 is sleeping
1805 3 has taken a fork
1805 3 is eating
1904 2 is thinking
1906 1 put down a fork
1906 5 has taken a fork
1906 5 has taken a fork
1906 5 is eating
1906 1 put down a fork
1906 1 is sleeping
1906 2 has taken a fork
2005 4 is thinking
2006 3 put down a fork
2006 2 has taken a fork
2006 2 is eating
2006 3 put down a fork
2006 3 is sleeping
2006 4 has taken a fork
2106 1 is thinking
2106 5 put down a fork
2106 5 put down a fork
2106 5 is sleeping
2106 4 has taken a fork
2106 4 is eating
2206 3 is thinking
2206 2 put down a fork
2206 2 put down a fork
2206 2 is sleeping
2207 1 has taken a fork
2207 1 has taken a fork
2207 1 is eating
2306 3 has taken a fork
2306 5 is thinking
2306 4 put down a fork
2306 4 put down a fork
2306 4 is sleeping
2306 3 has taken a fork
2306 3 is eating
2406 2 is thinking
2407 1 put down a fork
2407 1 put down a fork
2407 1 is sleeping
2407 2 has taken a fork
2407 5 has taken a fork
2407 5 has taken a fork
2407 5 is eating
2506 4 is thinking
2507 3 put down a fork
2507 2 has taken a fork
2507 2 is eating
2507 3 put down a fork
2507 3 is sleeping
2507 4 has taken a fork
2607 1 is thinking
2608 5 put down a fork
2608 5 put down a fork
2608 5 is sleeping
2608 4 has taken a fork
2608 4 is eating
2707 3 is thinking
2707 1 has taken a fork
2707 2 put down a fork
2707 2 put down a fork
2707 2 is sleeping
2707 1 has taken a fork
2707 1 is eating
2807 3 has taken a fork
2808 5 is thinking
2808 4 put down a fork
2808 4 put down a fork
2808 4 is sleeping
2808 3 has taken a fork
2808 3 is eating
2907 2 is thinking
2907 1 put down a fork
2907 1 put down a fork
2908 1 is sleeping
2908 2 has taken a fork
2908 5 has taken a fork
2908 5 has taken a fork
2908 5 is eating
3008 4 is thinking
3008 3 put down a fork
3008 3 put down a fork
3008 3 is sleeping
3008 2 has taken a fork
3008 2 is eating
3008 4 has taken a fork
3108 1 is thinking
3108 5 put down a fork
3108 5 put down a fork
3108 5 is sleeping
3108 4 has taken a fork
3108 4 is eating
3208 1 has taken a fork
3208 3 is thinking
3208 2 put down a fork
3208 2 put down a fork
3208 2 is sleeping
3208 1 has taken a fork
3208 1 is eating
3308 3 has taken a fork
3308 5 is thinking
3309 4 put down a fork
3309 4 put down a fork
3309 4 is sleeping
3309 3 has taken a fork
3309 3 is eating
3408 2 is thinking
3408 1 put down a fork
3408 1 put down a fork
3408 1 is sleeping
3408 5 has taken a fork
3408 5 has taken a fork
3408 5 is eating
