0 2 has taken a fork
1 2 has taken a fork
1 2 is eating
3 4 has taken a fork
3 4 has taken a fork
3 4 is eating
101 5 has taken a fork
201 2 put down a fork
201 2 put down a fork
201 2 is sleeping
201 3 has taken a fork
203 4 put down a fork
203 5 has taken a fork
203 5 is eating
203 4 put down a fork
203 4 is sleeping
203 3 has taken a fork
203 3 is eating
401 2 is thinking
401 2 has taken a fork
403 4 is thinking
403 5 put down a fork
403 5 put down a fork
403 5 is sleeping
403 1 has taken a fork
405 3 put down a fork
405 3 put down a fork
405 3 is sleeping
405 4 has taken a fork
405 4 has taken a fork
405 4 is eating
405 2 has taken a fork
405 2 is eating
603 5 is thinking
605 3 is thinking
605 2 put down a fork
605 2 put down a fork
605 2 is sleeping
605 1 has taken a fork
605 1 is eating
607 4 put down a fork
607 4 put down a fork
607 4 is sleeping
706 3 has taken a fork
706 3 has taken a fork
706 3 is eating
805 2 is thinking
806 1 put down a fork
806 5 has taken a fork
806 5 has taken a fork
806 5 is eating
806 1 put down a fork
806 1 is sleeping
806 2 has taken a fork
807 4 is thinking
906 3 put down a fork
906 3 put down a fork
906 3 is sleeping
906 2 has taken a fork
906 2 is eating
906 4 has taken a fork
1006 1 is thinking
1007 5 put down a fork
1007 5 put down a fork
1007 5 is sleeping
1007 4 has taken a fork
1007 4 is eating
1106 1 has taken a fork
1106 3 is thinking
1106 2 put down a fork
1106 2 put down a fork
1106 2 is sleeping
1106 1 has taken a fork
1106 1 is eating
1207 3 has taken a fork
1207 5 is thinking
1207 4 put down a fork
1207 4 put down a fork
1207 4 is sleeping
1207 3 has taken a fork
1207 3 is eating
1306 2 is thinking
1306 1 put down a fork
1306 1 put down a fork
1306 1 is sleeping
1307 5 has taken a fork
1307 5 has taken a fork
1307 5 is eating
1307 2 has taken a fork
1407 4 is thinking
1408 3 put down a fork
1408 3 put down a fork
1408 2 has taken a fork
1408 4 has taken a fork
1408 2 is eating
1408 3 is sleeping
1506 1 is thinking
1507 5 put down a fork
1507 5 put down a fork
1507 5 is sleeping
1507 4 has taken a fork
1507 4 is eating
1606 1 has taken a fork
1608 3 is thinking
1609 2 put down a fork
1609 2 put down a fork
1609 2 is sleeping
1609 1 has taken a fork
1609 1 is eating
1707 5 is thinking
1707 4 put down a fork
1707 4 put down a fork
1707 4 is sleeping
1708 3 has taken a fork
1708 3 has taken a fork
1708 3 is eating
1809 2 is thinking
1809 1 put down a fork
1809 1 put down a fork
1809 1 is sleeping
1809 5 has taken a fork
1809 5 has taken a fork
1809 5 is eating
1810 2 has taken a fork
1907 4 is thinking
1908 3 put down a fork
1908 3 put down a fork
1908 3 is sleeping
1908 2 has taken a fork
1908 2 is eating
1908 4 has taken a fork
2009 1 is thinking
2009 5 put down a fork
2009 5 put down a fork
2009 5 is sleeping
2009 4 has taken a fork
2009 4 is eating
2108 3 is thinking
2108 2 put down a fork
2108 2 put down a fork
2108 2 is sleeping
2109 1 has taken a fork
2109 1 has taken a fork
2109 1 is eating
2209 3 has taken a fork
2209 5 is thinking
2209 4 put down a fork
2209 4 put down a fork
2209 4 is sleeping
2209 3 has taken a fork
2209 3 is eating
2308 2 is thinking
2309 1 put down a fork
2309 1 put down a fork
2309 1 is sleeping
2309 2 has taken a fork
2310 5 has taken a fork
2310 5 has taken a fork
2310 5 is eating
2409 4 is thinking
2409 3 put down a fork
2409 3 put down a fork
2409 3 is sleeping
2409 4 has taken a fork
2409 2 has taken a fork
2409 2 is eating
2509 1 is thinking
2510 5 put down a fork
2510 5 put down a fork
2510 4 has taken a fork
2510 4 is eating
2510 5 is sleeping
2609 1 has taken a fork
2609 3 is thinking
2609 2 put down a fork
2609 2 put down a fork
2609 2 is sleeping
2609 1 has taken a fork
2609 1 is eating
2710 3 has taken a fork
2710 5 is thinking
2710 4 put down a fork
2710 4 put down a fork
2710 4 is sleeping
2710 3 has taken a fork
2710 3 is eating
2809 2 is thinking
2809 1 put down a fork
2809 1 put down a fork
2809 1 is sleeping
2809 2 has taken a fork
2811 5 has taken a fork
2811 5 has taken a fork
2811 5 is eating
2910 4 is thinking
2910 3 put down a fork
2911 2 has taken a fork
2911 2 is eating
2911 3 put down a fork
2911 3 is sleeping
2911 4 has taken a fork
3009 1 is thinking
3011 5 put down a fork
3011 5 put down a fork
3011 5 is sleeping
3011 4 has taken a fork
3011 4 is eating
3109 1 has taken a fork
3111 3 is thinking
3111 2 put down a fork
3111 2 put down a fork
3111 2 is sleeping
3111 1 has taken a fork
3111 1 is eating
3211 3 has taken a fork
3211 5 is thinking
3212 4 put down a fork
3212 4 put down a fork
3212 4 is sleeping
3212 3 has taken a fork
3212 3 is eating
3311 2 is thinking
3311 1 put down a fork
3311 1 put down a fork
3311 1 is sleeping
3311 5 has taken a fork
3311 5 has taken a fork
3311 5 is eating
3412 4 is thinking
3412 3 put down a fork
3412 3 put down a fork
3412 3 is sleeping
3511 1 is thinking
3512 5 put down a fork
3512 5 put down a fork
3512 5 is sleeping
3611 1 has taken a fork
3611 1 has taken a fork
3611 1 is eating
3612 3 is thinking
