0 2 has taken a fork
1 2 has taken a fork
1 2 is eating
1 4 has taken a fork
1 4 has taken a fork
1 4 is eating
100 1 has taken a fork
201 4 put down a fork
201 4 put down a fork
201 4 is sleeping
201 2 put down a fork
201 2 put down a fork
201 2 is sleeping
201 3 has taken a fork
201 3 has taken a fork
201 3 is eating
201 1 has taken a fork
201 1 is eating
401 3 put down a fork
401 4 is thinking
401 4 has taken a fork
401 4 has taken a fork
401 4 is eating
401 3 put down a fork
401 3 is sleeping
401 2 is thinking
401 1 put down a fork
401 1 put down a fork
401 1 is sleeping
401 5 has taken a fork
401 2 has taken a fork
401 2 has taken a fork
401 2 is eating
601 3 is thinking
601 1 is thinking
601 4 put down a fork
601 4 put down a fork
601 4 is sleeping
601 5 has taken a fork
601 5 is eating
601 2 put down a fork
601 2 put down a fork
601 2 is sleeping
701 3 has taken a fork
701 3 has taken a fork
701 3 is eating
801 4 is thinking
801 5 put down a fork
801 5 put down a fork
801 5 is sleeping
801 1 has taken a fork
801 1 has taken a fork
801 1 is eating
801 2 is thinking
901 3 put down a fork
901 3 put down a fork
901 3 is sleeping
901 4 has taken a fork
901 4 has taken a fork
901 4 is eating
1001 5 is thinking
1001 1 put down a fork
1001 1 put down a fork
1001 1 is sleeping
1001 2 has taken a fork
1001 2 has taken a fork
1001 2 is eating
1101 5 has taken a fork
1101 4 put down a fork
1101 4 put down a fork
1101 4 is sleeping
1101 5 has taken a fork
1101 5 is eating
1101 3 is thinking
1201 1 is thinking
1201 2 put down a fork
1201 2 put down a fork
1201 2 is sleeping
1201 3 has taken a fork
1201 3 has taken a fork
1201 3 is eating
1301 4 is thinking
1301 5 put down a fork
1301 5 put down a fork
1301 5 is sleeping
1301 1 has taken a fork
1301 1 has taken a fork
1301 1 is eating
1401 2 is thinking
1401 3 put down a fork
1401 3 put down a fork
1401 3 is sleeping
1401 4 has taken a fork
1401 4 has taken a fork
1401 4 is eating
1501 5 is thinking
1501 1 put down a fork
1501 1 put down a fork
1501 1 is sleeping
1501 2 has taken a fork
1501 2 has taken a fork
1501 2 is eating
1601 5 has taken a fork
1601 4 put down a fork
1601 4 put down a fork
1601 4 is sleeping
1601 5 has taken a fork
1601 5 is eating
1601 3 is thinking
1701 2 put down a fork
1701 2 put down a fork
1701 2 is sleeping
1701 1 is thinking
1701 3 has taken a fork
1701 3 has taken a fork
1701 3 is eating
1801 5 put down a fork
1801 4 is thinking
1801 5 put down a fork
1801 5 is sleeping
1801 1 has taken a fork
1801 1 has taken a fork
1801 1 is eating
1901 2 is thinking
1901 3 put down a fork
1901 3 put down a fork
1901 3 is sleeping
1901 4 has taken a fork
1901 4 has taken a fork
1901 4 is eating
2001 5 is thinking
2001 1 put down a fork
2001 1 put down a fork
2001 1 is sleeping
2001 2 has taken a fork
2001 2 has taken a fork
2001 2 is eating
2101 4 put down a fork
2101 4 put down a fork
2101 4 is sleeping
2101 5 has taken a fork
2101 5 has taken a fork
2101 5 is eating
2101 3 is thinking
2201 2 put down a fork
2201 2 put down a fork
2201 2 is sleeping
2201 3 has taken a fork
2201 3 has taken a fork
2201 3 is eating
2201 1 is thinking
2301 5 put down a fork
2301 5 put down a fork
2301 5 is sleeping
2301 4 is thinking
2301 1 has taken a fork
2301 1 has taken a fork
2301 1 is eating
2401 3 put down a fork
2401 3 put down a fork
2401 3 is sleeping
2401 4 has taken a fork
2401 4 has taken a fork
2401 4 is eating
2401 2 is thinking
2501 5 is thinking
2501 1 put down a fork
2501 1 put down a fork
2501 1 is sleeping
2501 2 has taken a fork
2501 2 has taken a fork
2501 2 is eating
2601 3 is thinking
2601 5 has taken a fork
2601 4 put down a fork
2601 4 put down a fork
2601 4 is sleeping
2601 5 has taken a fork
2601 5 is eating
2701 2 put down a fork
2701 2 put down a fork
2701 2 is sleeping
2701 1 is thinking
2701 3 has taken a fork
2701 3 has taken a fork
2701 3 is eating
2801 5 put down a fork
2801 5 put down a fork
2801 5 is sleeping
2801 4 is thinking
2801 1 has taken a fork
2801 1 has taken a fork
2801 1 is eating
2901 2 is thinking
2901 3 put down a fork
2901 3 put down a fork
2901 3 is sleeping
2901 4 has taken a fork
2901 4 has taken a fork
2901 4 is eating
3001 1 put down a fork
3001 5 is thinking
3001 1 put down a fork
3001 1 is sleeping
3001 2 has taken a fork
3001 2 has taken a fork
3001 2 is eating
3101 5 has taken a fork
3101 4 put down a fork
3101 4 put down a fork
3101 4 is sleeping
3101 5 has taken a fork
3101 5 is eating
3101 3 is thinking
3201 2 put down a fork
3201 2 put down a fork
3201 2 is sleeping
3201 1 is thinking
3201 3 has taken a fork
3201 3 has taken a fork
3201 3 is eating
3301 4 is thinking
3301 5 put down a fork
3301 5 put down a fork
3301 5 is sleeping
3301 1 has taken a fork
3301 1 has taken a fork
3301 1 is eating
3401 3 put down a fork
3401 3 put down a fork
3401 3 is sleeping
3401 2 is thinking
3501 1 put down a fork
3501 1 put down a fork
3501 1 is sleeping
3501 5 is thinking
3601 5 has taken a fork
3601 5 has taken a fork
3601 5 is eating
3601 3 is thinking
