0 4 has taken a fork
0 4 has taken a fork
0 4 is eating
0 2 has taken a fork
0 2 has taken a fork
0 2 is eating
100 5 has taken a fork
200 2 put down a fork
200 2 put down a fork
200 2 is sleeping
200 3 has taken a fork
200 4 put down a fork
200 4 put down a fork
200 4 is sleeping
200 5 has taken a fork
200 5 is eating
200 3 has taken a fork
200 3 is eating
400 2 is thinking
400 4 is thinking
400 2 has taken a fork
400 5 put down a fork
400 3 put down a fork
400 3 put down a fork
400 3 is sleeping
400 5 put down a fork
400 5 is sleeping
400 2 has taken a fork
400 2 is eating
400 1 has taken a fork
400 4 has taken a fork
400 4 has taken a fork
400 4 is eating
600 3 is thinking
600 5 is thinking
600 4 put down a fork
600 2 put down a fork
600 4 put down a fork
600 4 is sleeping
600 2 put down a fork
600 2 is sleeping
600 1 has taken a fork
600 1 is eating
700 3 has taken a fork
700 3 has taken a fork
700 3 is eating
800 2 is thinking
800 4 is thinking
800 1 put down a fork
800 1 put down a fork
800 1 is sleeping
800 5 has taken a fork
800 5 has taken a fork
800 5 is eating
800 2 has taken a fork
900 3 put down a fork
900 2 has taken a fork
900 3 put down a fork
900 2 is eating
900 3 is sleeping
900 4 has taken a fork
1000 5 put down a fork
1000 5 put down a fork
1000 5 is sleeping
1000 4 has taken a fork
1000 4 is eating
1000 1 is thinking
1100 1 has taken a fork
1100 2 put down a fork
1100 2 put down a fork
1100 2 is sleeping
1100 1 has taken a fork
1100 1 is eating
1100 3 is thinking
1200 5 is thinking
1200 3 has taken a fork
1200 4 put down a fork
1200 4 put down a fork
1200 4 is sleeping
1200 3 has taken a fork
1200 3 is eating
1300 1 put down a fork
1300 1 put down a fork
1300 1 is sleeping
1300 2 is thinking
1300 2 has taken a fork
1300 5 has taken a fork
1300 5 has taken a fork
1300 5 is eating
1400 4 is thinking
1400 3 put down a fork
1400 3 put down a fork
1400 3 is sleeping
1400 2 has taken a fork
1400 2 is eating
1400 4 has taken a fork
1500 5 put down a fork
1500 5 put down a fork
1500 5 is sleeping
1500 4 has taken a fork
1500 4 is eating
1500 1 is thinking
1600 2 put down a fork
1600 2 put down a fork
1600 2 is sleeping
1600 1 has taken a fork
1600 1 has taken a fork
1600 1 is eating
1600 3 is thinking
1700 4 put down a fork
1700 4 put down a fork
1700 4 is sleeping
1700 5 is thinking
1700 3 has taken a fork
1700 3 has taken a fork
1700 3 is eating
1800 1 put down a fork
1800 1 put down a fork
1800 1 is sleeping
1800 2 is thinking
1800 2 has taken a fork
1800 5 has taken a fork
1800 5 has taken a fork
1800 5 is eating
1900 4 is thinking
1900 3 put down a fork
1900 3 put down a fork
1900 3 is sleeping
1900 4 has taken a fork
1900 2 has taken a fork
1900 2 is eating
2000 1 is thinking
2000 5 put down a fork
2000 5 put down a fork
2000 5 is sleeping
2000 4 has taken a fork
2000 4 is eating
2100 1 has taken a fork
2100 3 is thinking
2100 2 put down a fork
2100 2 put down a fork
2100 2 is sleeping
2100 1 has taken a fork
2100 1 is eating
2200 3 has taken a fork
2200 4 put down a fork
2200 5 is thinking
2200 4 put down a fork
2200 4 is sleeping
2200 3 has taken a fork
2200 3 is eating
2300 1 put down a fork
2300 1 put down a fork
2300 1 is sleeping
2300 5 has taken a fork
2300 5 has taken a fork
2300 5 is eating
2300 2 is thinking
2300 2 has taken a fork
2400 3 put down a fork
2400 3 put down a fork
2400 3 is sleeping
2400 2 has taken a fork
2400 2 is eating
2400 4 is thinking
2400 4 has taken a fork
2500 1 is thinking
2500 5 put down a fork
2500 5 put down a fork
2500 5 is sleeping
2500 4 has taken a fork
2500 4 is eating
2600 1 has taken a fork
2600 3 is thinking
2600 2 put down a fork
2600 2 put down a fork
2600 2 is sleeping
2600 1 has taken a fork
2600 1 is eating
2700 3 has taken a fork
2700 5 is thinking
2700 4 put down a fork
2700 4 put down a fork
2700 4 is sleeping
2700 3 has taken a fork
2700 3 is eating
2800 1 put down a fork
2800 1 put down a fork
2800 1 is sleeping
2800 2 is thinking
2800 2 has taken a fork
2800 5 has taken a fork
2800 5 has taken a fork
2800 5 is eating
2900 4 is thinking
2900 3 put down a fork
2901 2 has taken a fork
2901 2 is eating
2901 3 put down a fork
2901 3 is sleeping
2901 4 has taken a fork
3000 1 is thinking
3000 5 put down a fork
3000 5 put down a fork
3000 5 is sleeping
3000 4 has taken a fork
3000 4 is eating
3100 1 has taken a fork
3101 3 is thinking
3101 2 put down a fork
3101 2 put down a fork
3101 2 is sleeping
3101 1 has taken a fork
3101 1 is eating
3200 5 is thinking
3200 4 put down a fork
3200 4 put down a fork
3200 4 is sleeping
3201 3 has taken a fork
3201 3 has taken a fork
3201 3 is eating
3301 2 is thinking
3301 1 put down a fork
3301 1 put down a fork
3301 1 is sleeping
3301 5 has taken a fork
3301 5 has taken a fork
3301 5 is eating
3400 4 is thinking
3401 3 put down a fork
3401 3 put down a fork
3401 3 is sleeping
3501 1 is thinking
3501 5 put down a fork
3501 5 put down a fork
3501 5 is sleeping
3601 1 has taken a fork
3601 1 has taken a fork
3601 1 is eating
3601 3 is thinking
