2 4 has taken a fork
4 4 has taken a fork
4 4 is eating
4 2 has taken a fork
4 2 has taken a fork
4 2 is eating
101 1 has taken a fork
205 2 put down a fork
205 3 has taken a fork
205 2 put down a fork
205 2 is sleeping
205 1 has taken a fork
205 1 is eating
205 4 put down a fork
205 4 put down a fork
205 4 is sleeping
205 3 has taken a fork
205 3 is eating
405 4 is thinking
405 2 is thinking
406 1 put down a fork
406 1 put down a fork
406 1 is sleeping
406 5 has taken a fork
406 5 has taken a fork
406 5 is eating
406 3 put down a fork
406 3 put down a fork
406 3 is sleeping
407 4 has taken a fork
408 2 has taken a fork
408 2 has taken a fork
408 2 is eating
606 1 is thinking
606 3 is thinking
607 5 put down a fork
607 5 put down a fork
607 5 is sleeping
607 4 has taken a fork
607 4 is eating
610 2 put down a fork
610 2 put down a fork
610 2 is sleeping
708 1 has taken a fork
708 1 has taken a fork
708 1 is eating
709 3 has taken a fork
807 5 is thinking
808 4 put down a fork
808 4 put down a fork
808 4 is sleeping
808 3 has taken a fork
808 3 is eating
810 2 is thinking
908 1 put down a fork
908 5 has taken a fork
908 5 has taken a fork
908 5 is eating
909 2 has taken a fork
909 1 put down a fork
909 1 is sleeping
1008 4 is thinking
1009 3 put down a fork
1009 2 has taken a fork
1009 2 is eating
1009 3 put down a fork
1009 3 is sleeping
1009 4 has taken a fork
1108 5 put down a fork
1108 5 put down a fork
1108 5 is sleeping
1109 1 is thinking
1109 4 has taken a fork
1109 4 is eating
1209 3 is thinking
1209 1 has taken a fork
1210 2 put down a fork
1210 2 put down a fork
1210 2 is sleeping
1210 1 has taken a fork
1210 1 is eating
1308 5 is thinking
1309 3 has taken a fork
1309 4 put down a fork
1309 4 put down a fork
1309 4 is sleeping
1309 3 has taken a fork
1309 3 is eating
1410 2 is thinking
1411 1 put down a fork
1411 5 has taken a fork
1411 5 has taken a fork
1411 1 put down a fork
1411 1 is sleeping
1411 5 is eating
1411 2 has taken a fork
1509 4 is thinking
1509 3 put down a fork
1509 3 put down a fork
1509 3 is sleeping
1509 2 has taken a fork
1509 2 is eating
1510 4 has taken a fork
1611 1 is thinking
1612 5 put down a fork
1612 5 put down a fork
1612 5 is sleeping
1612 4 has taken a fork
1612 4 is eating
1709 3 is thinking
1710 2 put down a fork
1710 2 put down a fork
1710 2 is sleeping
1711 1 has taken a fork
1711 1 has taken a fork
1711 1 is eating
1809 3 has taken a fork
1812 5 is thinking
1813 4 put down a fork
1813 4 put down a fork
1813 4 is sleeping
1813 3 has taken a fork
1813 3 is eating
1910 2 is thinking
1911 1 put down a fork
1911 1 put down a fork
1911 1 is sleeping
1911 2 has taken a fork
1912 5 has taken a fork
1912 5 has taken a fork
1912 5 is eating
2013 4 is thinking
2014 3 put down a fork
2014 2 has taken a fork
2014 2 is eating
2014 3 put down a fork
2014 3 is sleeping
2014 4 has taken a fork
2111 1 is thinking
2112 5 put down a fork
2112 5 put down a fork
2112 5 is sleeping
2112 4 has taken a fork
2112 4 is eating
2211 1 has taken a fork
2214 3 is thinking
2214 2 put down a fork
2214 2 put down a fork
2214 2 is sleeping
2214 1 has taken a fork
2214 1 is eating
2312 5 is thinking
2312 4 put down a fork
2312 4 put down a fork
2312 4 is sleeping
2315 3 has taken a fork
2315 3 has taken a fork
2315 3 is eating
2414 2 is thinking
2415 1 put down a fork
2415 1 put down a fork
2415 1 is sleeping
2415 5 has taken a fork
2415 5 has taken a fork
2415 5 is eating
2415 2 has taken a fork
2512 4 is thinking
2515 3 put down a fork
2515 2 has taken a fork
2515 2 is eating
2515 3 put down a fork
2515 3 is sleeping
2516 4 has taken a fork
2615 1 is thinking
2615 5 put down a fork
2615 5 put down a fork
2615 5 is sleeping
2616 4 has taken a fork
2616 4 is eating
2715 3 is thinking
2715 2 put down a fork
2715 2 put down a fork
2715 2 is sleeping
2716 1 has taken a fork
2716 1 has taken a fork
2716 1 is eating
2815 5 is thinking
2816 3 has taken a fork
2816 4 put down a fork
2816 4 put down a fork
2816 4 is sleeping
2817 3 has taken a fork
2817 3 is eating
2915 2 is thinking
2916 1 put down a fork
2917 1 put down a fork
2918 1 is sleeping
2918 2 has taken a fork
2918 5 has taken a fork
2918 5 has taken a fork
2918 5 is eating
3016 4 is thinking
3018 3 put down a fork
3018 3 put down a fork
3018 3 is sleeping
3018 2 has taken a fork
3018 2 is eating
3018 4 has taken a fork
3118 1 is thinking
3119 5 put down a fork
3119 5 put down a fork
3119 5 is sleeping
3119 4 has taken a fork
3119 4 is eating
3218 3 is thinking
3218 2 put down a fork
3218 2 put down a fork
3218 2 is sleeping
3220 1 has taken a fork
3220 1 has taken a fork
3220 1 is eating
3319 3 has taken a fork
3319 5 is thinking
3320 4 put down a fork
3320 4 put down a fork
3320 4 is sleeping
3320 3 has taken a fork
3320 3 is eating
3418 2 is thinking
3420 1 put down a fork
3420 1 put down a fork
3420 1 is sleeping
3420 5 has taken a fork
3420 5 has taken a fork
3420 5 is eating
