2 4 has taken a fork
3 4 has taken a fork
3 4 is eating
3 2 has taken a fork
3 2 has taken a fork
3 2 is eating
101 5 has taken a fork
205 2 put down a fork
205 3 has taken a fork
205 2 put down a fork
205 2 is sleeping
205 4 put down a fork
205 5 has taken a fork
205 5 is eating
206 3 has taken a fork
206 3 is eating
206 4 put down a fork
206 4 is sleeping
405 2 is thinking
405 5 put down a fork
405 5 put down a fork
405 5 is sleeping
405 1 has taken a fork
405 1 has taken a fork
405 1 is eating
406 4 is thinking
407 3 put down a fork
407 3 put down a fork
407 3 is sleeping
407 4 has taken a fork
407 4 has taken a fork
407 4 is eating
605 5 is thinking
605 1 put down a fork
605 1 put down a fork
605 1 is sleeping
606 2 has taken a fork
606 2 has taken a fork
606 2 is eating
607 3 is thinking
608 4 put down a fork
608 4 put down a fork
608 4 is sleeping
706 5 has taken a fork
706 5 has taken a fork
706 5 is eating
805 1 is thinking
806 3 has taken a fork
806 3 has taken a fork
806 3 is eating
806 2 put down a fork
806 2 put down a fork
806 2 is sleeping
808 4 is thinking
906 5 put down a fork
906 5 put down a fork
906 5 is sleeping
906 1 has taken a fork
906 1 has taken a fork
906 1 is eating
1006 2 is thinking
1006 3 put down a fork
1006 3 put down a fork
1006 3 is sleeping
1006 4 has taken a fork
1006 4 has taken a fork
1006 4 is eating
1106 5 is thinking
1106 1 put down a fork
1106 1 put down a fork
1106 1 is sleeping
1107 2 has taken a fork
1107 2 has taken a fork
1107 2 is eating
1206 3 is thinking
1207 5 has taken a fork
1207 4 put down a fork
1207 4 put down a fork
1207 4 is sleeping
1207 5 has taken a fork
1207 5 is eating
1306 1 is thinking
1307 2 put down a fork
1307 2 put down a fork
1307 2 is sleeping
1307 3 has taken a fork
1307 3 has taken a fork
1307 3 is eating
1407 4 is thinking
1407 5 put down a fork
1407 1 has taken a fork
1407 1 has taken a fork
1407 1 is eating
1407 5 put down a fork
1407 5 is sleeping
1507 2 is thinking
1507 3 put down a fork
1507 3 put down a fork
1507 3 is sleeping
1507 4 has taken a fork
1507 4 has taken a fork
1507 4 is eating
1607 5 is thinking
1607 1 put down a fork
1607 1 put down a fork
1607 1 is sleeping
1607 2 has taken a fork
1607 2 has taken a fork
1607 2 is eating
1707 3 is thinking
1708 4 put down a fork
1708 4 put down a fork
1708 4 is sleeping
1708 5 has taken a fork
1708 5 has taken a fork
1708 5 is eating
1807 1 is thinking
1808 2 put down a fork
1808 2 put down a fork
1808 2 is sleeping
1808 3 has taken a fork
1808 3 has taken a fork
1808 3 is eating
1908 4 is thinking
1908 5 put down a fork
1908 1 has taken a fork
1908 1 has taken a fork
1908 1 is eating
1908 5 put down a fork
1908 5 is sleeping
2008 2 is thinking
2008 3 put down a fork
2008 3 put down a fork
2008 3 is sleeping
2008 4 has taken a fork
2008 4 has taken a fork
2008 4 is eating
2108 5 is thinking
2109 1 put down a fork
2109 2 has taken a fork
2109 2 has taken a fork
2109 2 is eating
2109 1 put down a fork
2109 1 is sleeping
2208 3 is thinking
2208 5 has taken a fork
2208 4 put down a fork
2208 4 put down a fork
2208 4 is sleeping
2208 5 has taken a fork
2208 5 is eating
2309 1 is thinking
2309 2 put down a fork
2309 2 put down a fork
2309 2 is sleeping
2309 3 has taken a fork
2309 3 has taken a fork
2309 3 is eating
2408 4 is thinking
2409 5 put down a fork
2409 5 put down a fork
2409 5 is sleeping
2410 1 has taken a fork
2410 1 has taken a fork
2410 1 is eating
2509 2 is thinking
2510 3 put down a fork
2510 3 put down a fork
2510 3 is sleeping
2510 4 has taken a fork
2510 4 has taken a fork
2510 4 is eating
2609 5 is thinking
2610 1 put down a fork
2610 1 put down a fork
2610 1 is sleeping
2610 2 has taken a fork
2610 2 has taken a fork
2610 2 is eating
2709 5 has taken a fork
2710 3 is thinking
2711 4 put down a fork
2711 4 put down a fork
2711 4 is sleeping
2711 5 has taken a fork
2711 5 is eating
2810 1 is thinking
2810 2 put down a fork
2810 2 put down a fork
2810 2 is sleeping
2810 3 has taken a fork
2810 3 has taken a fork
2810 3 is eating
2911 4 is thinking
2912 5 put down a fork
2912 5 put down a fork
2913 5 is sleeping
2914 1 has taken a fork
2914 1 has taken a fork
2914 1 is eating
3010 2 is thinking
3011 3 put down a fork
3011 3 put down a fork
3011 3 is sleeping
3011 4 has taken a fork
3011 4 has taken a fork
3011 4 is eating
3113 5 is thinking
3115 1 put down a fork
3115 1 put down a fork
3115 1 is sleeping
3115 2 has taken a fork
3115 2 has taken a fork
3115 2 is eating
3211 3 is thinking
3212 4 put down a fork
3212 4 put down a fork
3212 4 is sleeping
3214 5 has taken a fork
3214 5 has taken a fork
3214 5 is eating
3315 1 is thinking
3316 2 put down a fork
3316 2 put down a fork
3316 2 is sleeping
3316 3 has taken a fork
3316 3 has taken a fork
3316 3 is eating
3412 4 is thinking
3414 5 put down a fork
3414 5 put down a fork
3414 5 is sleeping
3415 1 has taken a fork
3415 1 has taken a fork
3415 1 is eating
